#! /usr/bin/vvp
:ivl_version "12.0 (stable)";
:ivl_delay_selection "TYPICAL";
:vpi_time_precision - 12;
:vpi_module "/usr/lib/x86_64-linux-gnu/ivl/system.vpi";
:vpi_module "/usr/lib/x86_64-linux-gnu/ivl/vhdl_sys.vpi";
:vpi_module "/usr/lib/x86_64-linux-gnu/ivl/vhdl_textio.vpi";
:vpi_module "/usr/lib/x86_64-linux-gnu/ivl/v2005_math.vpi";
:vpi_module "/usr/lib/x86_64-linux-gnu/ivl/va_math.vpi";
:vpi_module "/usr/lib/x86_64-linux-gnu/ivl/v2009.vpi";
S_0x5b71b3e7afd0 .scope package, "$unit" "$unit" 2 1;
 .timescale 0 0;
S_0x5b71b3e7b160 .scope module, "tb_ntt_core_top_auto" "tb_ntt_core_top_auto" 3 3;
 .timescale -9 -12;
v0x5b71b3eb1430_0 .net "busy", 0 0, L_0x5b71b3e6b170;  1 drivers
v0x5b71b3eb14f0_0 .var "clk", 0 0;
v0x5b71b3eb1590_0 .net "done", 0 0, L_0x5b71b3dcefb0;  1 drivers
v0x5b71b3eb1630_0 .var/i "err", 31 0;
v0x5b71b3eb16d0_0 .var "exp_mem", 1023 0;
v0x5b71b3eb17e0_0 .var "ext_addr", 7 0;
v0x5b71b3eb18a0_0 .var "ext_din", 11 0;
v0x5b71b3eb1970_0 .net "ext_dout", 11 0, L_0x5b71b3e792f0;  1 drivers
v0x5b71b3eb1a40_0 .var "ext_we", 0 0;
v0x5b71b3eb1b10_0 .var "got", 11 0;
v0x5b71b3eb1bb0_0 .var/i "i", 31 0;
v0x5b71b3eb1c90_0 .var "in_mem", 1023 0;
v0x5b71b3eb1d70_0 .var "mode", 0 0;
v0x5b71b3eb1e10_0 .var/i "mode_sel", 31 0;
v0x5b71b3eb1ef0_0 .var "rst_n", 0 0;
v0x5b71b3eb2020_0 .var "start", 0 0;
v0x5b71b3eb20c0_0 .var/i "timeout", 31 0;
v0x5b71b3eb21a0 .array "vec_exp", 255 0, 11 0;
v0x5b71b3eb2260 .array "vec_in", 255 0, 11 0;
S_0x5b71b3e604d0 .scope task, "check_result" "check_result" 3 99, 3 99 0, S_0x5b71b3e7b160;
 .timescale -9 -12;
E_0x5b71b3dd9e10 .event negedge, v0x5b71b3e6b290_0;
TD_tb_ntt_core_top_auto.check_result ;
    %pushi/vec4 0, 0, 32;
    %store/vec4 v0x5b71b3eb1630_0, 0, 32;
    %pushi/vec4 0, 0, 32;
    %store/vec4 v0x5b71b3eb1bb0_0, 0, 32;
T_0.0 ;
    %load/vec4 v0x5b71b3eb1bb0_0;
    %cmpi/s 256, 0, 32;
    %jmp/0xz T_0.1, 5;
    %wait E_0x5b71b3dd9e10;
    %pushi/vec4 0, 0, 1;
    %store/vec4 v0x5b71b3eb1a40_0, 0, 1;
    %load/vec4 v0x5b71b3eb1bb0_0;
    %parti/s 8, 0, 2;
    %store/vec4 v0x5b71b3eb17e0_0, 0, 8;
    %delay 1000, 0;
    %load/vec4 v0x5b71b3eb1970_0;
    %store/vec4 v0x5b71b3eb1b10_0, 0, 12;
    %load/vec4 v0x5b71b3eb1b10_0;
    %ix/getv/s 4, v0x5b71b3eb1bb0_0;
    %load/vec4a v0x5b71b3eb21a0, 4;
    %cmp/ne;
    %jmp/0xz  T_0.2, 6;
    %vpi_call/w 3 110 "$display", "[MISMATCH] idx=%0d got=%0d exp=%0d", v0x5b71b3eb1bb0_0, v0x5b71b3eb1b10_0, &A<v0x5b71b3eb21a0, v0x5b71b3eb1bb0_0 > {0 0 0};
    %load/vec4 v0x5b71b3eb1630_0;
    %addi 1, 0, 32;
    %store/vec4 v0x5b71b3eb1630_0, 0, 32;
T_0.2 ;
    %load/vec4 v0x5b71b3eb1bb0_0;
    %addi 1, 0, 32;
    %store/vec4 v0x5b71b3eb1bb0_0, 0, 32;
    %jmp T_0.0;
T_0.1 ;
    %load/vec4 v0x5b71b3eb1630_0;
    %cmpi/e 0, 0, 32;
    %jmp/0xz  T_0.4, 4;
    %vpi_call/w 3 116 "$display", "[PASS] ntt_core_top verify passed (mode=%0d)", v0x5b71b3eb1e10_0 {0 0 0};
    %jmp T_0.5;
T_0.4 ;
    %vpi_call/w 3 118 "$display", "[FAIL] ntt_core_top verify failed (mode=%0d) errors=%0d", v0x5b71b3eb1e10_0, v0x5b71b3eb1630_0 {0 0 0};
T_0.5 ;
    %end;
S_0x5b71b3e609d0 .scope task, "do_reset" "do_reset" 3 44, 3 44 0, S_0x5b71b3e7b160;
 .timescale -9 -12;
E_0x5b71b3dda280 .event posedge, v0x5b71b3e6b290_0;
TD_tb_ntt_core_top_auto.do_reset ;
    %pushi/vec4 0, 0, 1;
    %store/vec4 v0x5b71b3eb1ef0_0, 0, 1;
    %pushi/vec4 0, 0, 1;
    %store/vec4 v0x5b71b3eb2020_0, 0, 1;
    %pushi/vec4 0, 0, 1;
    %store/vec4 v0x5b71b3eb1d70_0, 0, 1;
    %pushi/vec4 0, 0, 1;
    %store/vec4 v0x5b71b3eb1a40_0, 0, 1;
    %pushi/vec4 0, 0, 8;
    %store/vec4 v0x5b71b3eb17e0_0, 0, 8;
    %pushi/vec4 0, 0, 12;
    %store/vec4 v0x5b71b3eb18a0_0, 0, 12;
    %pushi/vec4 8, 0, 32;
T_1.6 %dup/vec4;
    %pushi/vec4 0, 0, 32;
    %cmp/s;
    %jmp/1xz T_1.7, 5;
    %jmp/1 T_1.7, 4;
    %pushi/vec4 1, 0, 32;
    %sub;
    %wait E_0x5b71b3dda280;
    %jmp T_1.6;
T_1.7 ;
    %pop/vec4 1;
    %pushi/vec4 1, 0, 1;
    %store/vec4 v0x5b71b3eb1ef0_0, 0, 1;
    %pushi/vec4 2, 0, 32;
T_1.8 %dup/vec4;
    %pushi/vec4 0, 0, 32;
    %cmp/s;
    %jmp/1xz T_1.9, 5;
    %jmp/1 T_1.9, 4;
    %pushi/vec4 1, 0, 32;
    %sub;
    %wait E_0x5b71b3dda280;
    %jmp T_1.8;
T_1.9 ;
    %pop/vec4 1;
    %end;
S_0x5b71b3e68220 .scope module, "dut" "ntt_core_top" 3 31, 4 6 0, S_0x5b71b3e7b160;
 .timescale -9 -12;
    .port_info 0 /INPUT 1 "clk";
    .port_info 1 /INPUT 1 "rst_n";
    .port_info 2 /INPUT 1 "start";
    .port_info 3 /INPUT 1 "mode";
    .port_info 4 /INPUT 1 "ext_we";
    .port_info 5 /INPUT 8 "ext_addr";
    .port_info 6 /INPUT 12 "ext_din";
    .port_info 7 /OUTPUT 12 "ext_dout";
    .port_info 8 /OUTPUT 1 "busy";
    .port_info 9 /OUTPUT 1 "done";
P_0x5b71b3e737c0 .param/l "ST_FIRE" 1 4 143, C4<010>;
P_0x5b71b3e73800 .param/l "ST_READ_MEM" 1 4 142, C4<001>;
P_0x5b71b3e73840 .param/l "ST_WAIT_AGU" 1 4 141, C4<000>;
P_0x5b71b3e73880 .param/l "ST_WAIT_BF" 1 4 144, C4<011>;
P_0x5b71b3e738c0 .param/l "ST_WRITE0" 1 4 145, C4<100>;
P_0x5b71b3e73900 .param/l "ST_WRITE1" 1 4 146, C4<101>;
L_0x5b71b3e6b170 .functor BUFZ 1, v0x5b71b3ea95a0_0, C4<0>, C4<0>, C4<0>;
L_0x5b71b3dcefb0 .functor BUFZ 1, v0x5b71b3ea9800_0, C4<0>, C4<0>, C4<0>;
L_0x5b71b3e792f0 .functor BUFZ 12, L_0x5b71b3e78330, C4<000000000000>, C4<000000000000>, C4<000000000000>;
v0x5b71b3eaed50_0 .net "addr_a", 7 0, v0x5b71b3e6a6b0_0;  1 drivers
v0x5b71b3eaee40_0 .net "addr_b", 7 0, v0x5b71b3e6ab70_0;  1 drivers
v0x5b71b3eaef30_0 .var "advance_r", 0 0;
v0x5b71b3eaf000_0 .net "bf_out0", 11 0, v0x5b71b3ea8690_0;  1 drivers
v0x5b71b3eaf0d0_0 .net "bf_out1", 11 0, v0x5b71b3ea8770_0;  1 drivers
v0x5b71b3eaf1c0_0 .var "bf_valid_in", 0 0;
v0x5b71b3eaf290_0 .net "bf_valid_out", 0 0, v0x5b71b3ea8df0_0;  1 drivers
v0x5b71b3eaf360_0 .net "busy", 0 0, L_0x5b71b3e6b170;  alias, 1 drivers
v0x5b71b3eaf400_0 .net "clk", 0 0, v0x5b71b3eb14f0_0;  1 drivers
v0x5b71b3eaf530_0 .net "cnt", 7 0, v0x5b71b3ea9760_0;  1 drivers
v0x5b71b3eaf600_0 .net "done", 0 0, L_0x5b71b3dcefb0;  alias, 1 drivers
v0x5b71b3eaf6a0_0 .net "ext_addr", 7 0, v0x5b71b3eb17e0_0;  1 drivers
v0x5b71b3eaf740_0 .net "ext_din", 11 0, v0x5b71b3eb18a0_0;  1 drivers
v0x5b71b3eaf820_0 .net "ext_dout", 11 0, L_0x5b71b3e792f0;  alias, 1 drivers
v0x5b71b3eaf900_0 .net "ext_we", 0 0, v0x5b71b3eb1a40_0;  1 drivers
v0x5b71b3eaf9c0_0 .net "f_busy", 0 0, v0x5b71b3ea95a0_0;  1 drivers
v0x5b71b3eafa60_0 .net "f_done", 0 0, v0x5b71b3ea9800_0;  1 drivers
v0x5b71b3eafc10_0 .net "fstate", 1 0, v0x5b71b3ea9c80_0;  1 drivers
v0x5b71b3eafce0_0 .net "len", 7 0, v0x5b71b3ea98f0_0;  1 drivers
v0x5b71b3eafdd0_0 .net "mem_dout0", 11 0, L_0x5b71b3e78330;  1 drivers
v0x5b71b3eafee0_0 .net "mem_dout1", 11 0, L_0x5b71b3eb2dd0;  1 drivers
v0x5b71b3eafff0_0 .var "mem_we", 0 0;
v0x5b71b3eb00b0_0 .var "mem_wr_addr", 7 0;
v0x5b71b3eb0190_0 .var "mem_wr_data", 11 0;
v0x5b71b3eb0270_0 .net "mode", 0 0, v0x5b71b3eb1d70_0;  1 drivers
v0x5b71b3eb0360_0 .net "pos", 7 0, v0x5b71b3ea9a50_0;  1 drivers
v0x5b71b3eb0470_0 .var "pstate", 2 0;
v0x5b71b3eb0550_0 .net "ram_addr_rd", 7 0, L_0x5b71b3eb2690;  1 drivers
v0x5b71b3eb0610_0 .net "ram_addr_wr", 7 0, L_0x5b71b3eb2550;  1 drivers
v0x5b71b3eb06b0_0 .net "ram_din", 11 0, L_0x5b71b3eb27d0;  1 drivers
v0x5b71b3eb0750_0 .net "ram_we", 0 0, L_0x5b71b3eb2420;  1 drivers
v0x5b71b3eb07f0_0 .net "rst_n", 0 0, v0x5b71b3eb1ef0_0;  1 drivers
v0x5b71b3eb0890_0 .net "start", 0 0, v0x5b71b3eb2020_0;  1 drivers
v0x5b71b3eb0b40_0 .net "zeta_d", 11 0, L_0x5b71b3eb2e90;  1 drivers
v0x5b71b3eb0c30_0 .net "zidx", 7 0, v0x5b71b3ea9d60_0;  1 drivers
L_0x5b71b3eb2420 .functor MUXZ 1, v0x5b71b3eb1a40_0, v0x5b71b3eafff0_0, v0x5b71b3ea95a0_0, C4<>;
L_0x5b71b3eb2550 .functor MUXZ 8, v0x5b71b3eb17e0_0, v0x5b71b3eb00b0_0, v0x5b71b3ea95a0_0, C4<>;
L_0x5b71b3eb2690 .functor MUXZ 8, v0x5b71b3eb17e0_0, v0x5b71b3e6a6b0_0, v0x5b71b3ea95a0_0, C4<>;
L_0x5b71b3eb27d0 .functor MUXZ 12, v0x5b71b3eb18a0_0, v0x5b71b3eb0190_0, v0x5b71b3ea95a0_0, C4<>;
L_0x5b71b3eb2fc0 .part v0x5b71b3ea9d60_0, 0, 7;
S_0x5b71b3e6a1e0 .scope module, "u_agu" "ntt_agu" 4 60, 5 4 0, S_0x5b71b3e68220;
 .timescale -9 -12;
    .port_info 0 /INPUT 1 "clk";
    .port_info 1 /INPUT 1 "rst_n";
    .port_info 2 /INPUT 1 "start";
    .port_info 3 /INPUT 8 "len";
    .port_info 4 /INPUT 8 "pos";
    .port_info 5 /INPUT 8 "block_idx";
    .port_info 6 /OUTPUT 8 "addr_a";
    .port_info 7 /OUTPUT 8 "addr_b";
v0x5b71b3e6a6b0_0 .var "addr_a", 7 0;
v0x5b71b3e6ab70_0 .var "addr_b", 7 0;
v0x5b71b3e6af00_0 .net "block_idx", 7 0, v0x5b71b3ea9d60_0;  alias, 1 drivers
v0x5b71b3e6b290_0 .net "clk", 0 0, v0x5b71b3eb14f0_0;  alias, 1 drivers
v0x5b71b3e3c4a0_0 .net "len", 7 0, v0x5b71b3ea98f0_0;  alias, 1 drivers
v0x5b71b3e794f0_0 .net "pos", 7 0, v0x5b71b3ea9a50_0;  alias, 1 drivers
v0x5b71b3e79590_0 .net "rst_n", 0 0, v0x5b71b3eb1ef0_0;  alias, 1 drivers
v0x5b71b3e92dd0_0 .net "start", 0 0, v0x5b71b3ea95a0_0;  alias, 1 drivers
E_0x5b71b3dd97a0/0 .event negedge, v0x5b71b3e79590_0;
E_0x5b71b3dd97a0/1 .event posedge, v0x5b71b3e6b290_0;
E_0x5b71b3dd97a0 .event/or E_0x5b71b3dd97a0/0, E_0x5b71b3dd97a0/1;
S_0x5b71b3e92fe0 .scope module, "u_bf" "ntt_butterfly" 4 126, 6 3 0, S_0x5b71b3e68220;
 .timescale -9 -12;
    .port_info 0 /INPUT 1 "clk";
    .port_info 1 /INPUT 1 "rst_n";
    .port_info 2 /INPUT 12 "a_i";
    .port_info 3 /INPUT 12 "b_i";
    .port_info 4 /INPUT 12 "zeta_i";
    .port_info 5 /INPUT 1 "valid_i";
    .port_info 6 /OUTPUT 1 "valid_o";
    .port_info 7 /OUTPUT 12 "out0";
    .port_info 8 /OUTPUT 12 "out1";
v0x5b71b3ea7d60_0 .net "a_i", 11 0, L_0x5b71b3e78330;  alias, 1 drivers
v0x5b71b3ea7e60_0 .var "a_st1", 11 0;
v0x5b71b3ea7f40_0 .var "a_st2", 11 0;
v0x5b71b3ea8000_0 .var "a_st3", 11 0;
v0x5b71b3ea80e0_0 .var "a_st4", 11 0;
v0x5b71b3ea81c0_0 .var "a_st5", 11 0;
v0x5b71b3ea8280_0 .net "add_tmp", 11 0, L_0x5b71b3ec6330;  1 drivers
v0x5b71b3ea8350_0 .net "b_i", 11 0, L_0x5b71b3eb2dd0;  alias, 1 drivers
v0x5b71b3ea8410_0 .var "b_st1", 11 0;
v0x5b71b3ea8500_0 .net "clk", 0 0, v0x5b71b3eb14f0_0;  alias, 1 drivers
v0x5b71b3ea85a0_0 .net "mod_mul_out", 11 0, v0x5b71b3e97400_0;  1 drivers
v0x5b71b3ea8690_0 .var "out0", 11 0;
v0x5b71b3ea8770_0 .var "out1", 11 0;
v0x5b71b3ea8850_0 .net "rst_n", 0 0, v0x5b71b3eb1ef0_0;  alias, 1 drivers
v0x5b71b3ea88f0_0 .net "sub_tmp", 11 0, L_0x5b71b3ec7000;  1 drivers
v0x5b71b3ea8990_0 .var "v1", 0 0;
v0x5b71b3ea8a30_0 .var "v2", 0 0;
v0x5b71b3ea8af0_0 .var "v3", 0 0;
v0x5b71b3ea8bb0_0 .var "v4", 0 0;
v0x5b71b3ea8c70_0 .var "v5", 0 0;
v0x5b71b3ea8d30_0 .net "valid_i", 0 0, v0x5b71b3eaf1c0_0;  1 drivers
v0x5b71b3ea8df0_0 .var "valid_o", 0 0;
v0x5b71b3ea8eb0_0 .net "zeta_i", 11 0, L_0x5b71b3eb2e90;  alias, 1 drivers
v0x5b71b3ea8f90_0 .var "zeta_st1", 11 0;
S_0x5b71b3e93230 .scope module, "u_as" "ntt_mod_addsub_12b" 6 52, 7 4 0, S_0x5b71b3e92fe0;
 .timescale -9 -12;
    .port_info 0 /INPUT 12 "a_i";
    .port_info 1 /INPUT 12 "b_i";
    .port_info 2 /OUTPUT 12 "add_o";
    .port_info 3 /OUTPUT 12 "sub_o";
P_0x5b71b3e93410 .param/l "Q" 1 7 10, C4<0110100000001>;
L_0x78cf70d86408 .functor BUFT 1, C4<0>, C4<0>, C4<0>, C4<0>;
v0x5b71b3e934d0_0 .net/2u *"_ivl_0", 0 0, L_0x78cf70d86408;  1 drivers
L_0x78cf70d86498 .functor BUFT 1, C4<0110100000001>, C4<0>, C4<0>, C4<0>;
v0x5b71b3e935d0_0 .net/2u *"_ivl_10", 12 0, L_0x78cf70d86498;  1 drivers
v0x5b71b3e936b0_0 .net *"_ivl_12", 0 0, L_0x5b71b3ec5fa0;  1 drivers
L_0x78cf70d864e0 .functor BUFT 1, C4<0110100000001>, C4<0>, C4<0>, C4<0>;
v0x5b71b3e93750_0 .net/2u *"_ivl_14", 12 0, L_0x78cf70d864e0;  1 drivers
v0x5b71b3e93830_0 .net *"_ivl_16", 12 0, L_0x5b71b3ec6110;  1 drivers
v0x5b71b3e93960_0 .net *"_ivl_2", 12 0, L_0x5b71b3ec5b20;  1 drivers
v0x5b71b3e93a40_0 .net *"_ivl_22", 0 0, L_0x5b71b3ec6470;  1 drivers
L_0x78cf70d86528 .functor BUFT 1, C4<0>, C4<0>, C4<0>, C4<0>;
v0x5b71b3e93b00_0 .net/2u *"_ivl_24", 0 0, L_0x78cf70d86528;  1 drivers
v0x5b71b3e93be0_0 .net *"_ivl_26", 12 0, L_0x5b71b3ec65f0;  1 drivers
L_0x78cf70d86570 .functor BUFT 1, C4<0>, C4<0>, C4<0>, C4<0>;
v0x5b71b3e93cc0_0 .net/2u *"_ivl_28", 0 0, L_0x78cf70d86570;  1 drivers
v0x5b71b3e93da0_0 .net *"_ivl_30", 12 0, L_0x5b71b3ec6720;  1 drivers
v0x5b71b3e93e80_0 .net *"_ivl_32", 12 0, L_0x5b71b3ec6820;  1 drivers
L_0x78cf70d865b8 .functor BUFT 1, C4<0>, C4<0>, C4<0>, C4<0>;
v0x5b71b3e93f60_0 .net/2u *"_ivl_34", 0 0, L_0x78cf70d865b8;  1 drivers
v0x5b71b3e94040_0 .net *"_ivl_36", 12 0, L_0x5b71b3ec6910;  1 drivers
L_0x78cf70d86600 .functor BUFT 1, C4<0110100000001>, C4<0>, C4<0>, C4<0>;
v0x5b71b3e94120_0 .net/2u *"_ivl_38", 12 0, L_0x78cf70d86600;  1 drivers
L_0x78cf70d86450 .functor BUFT 1, C4<0>, C4<0>, C4<0>, C4<0>;
v0x5b71b3e94200_0 .net/2u *"_ivl_4", 0 0, L_0x78cf70d86450;  1 drivers
v0x5b71b3e942e0_0 .net *"_ivl_40", 12 0, L_0x5b71b3ec6a70;  1 drivers
L_0x78cf70d86648 .functor BUFT 1, C4<0>, C4<0>, C4<0>, C4<0>;
v0x5b71b3e943c0_0 .net/2u *"_ivl_42", 0 0, L_0x78cf70d86648;  1 drivers
v0x5b71b3e944a0_0 .net *"_ivl_44", 12 0, L_0x5b71b3ec6bb0;  1 drivers
v0x5b71b3e94580_0 .net *"_ivl_46", 12 0, L_0x5b71b3ec6ca0;  1 drivers
v0x5b71b3e94660_0 .net *"_ivl_6", 12 0, L_0x5b71b3ec5c60;  1 drivers
v0x5b71b3e94740_0 .net "a_i", 11 0, v0x5b71b3ea81c0_0;  1 drivers
v0x5b71b3e94820_0 .net "add_o", 11 0, L_0x5b71b3ec6330;  alias, 1 drivers
v0x5b71b3e94900_0 .net "add_tmp", 12 0, L_0x5b71b3ec6200;  1 drivers
v0x5b71b3e949e0_0 .net "b_i", 11 0, v0x5b71b3e97400_0;  alias, 1 drivers
v0x5b71b3e94ac0_0 .net "diff", 12 0, L_0x5b71b3ec6de0;  1 drivers
v0x5b71b3e94ba0_0 .net "sub_o", 11 0, L_0x5b71b3ec7000;  alias, 1 drivers
v0x5b71b3e94c80_0 .net "sum", 12 0, L_0x5b71b3ec5d50;  1 drivers
L_0x5b71b3ec5b20 .concat [ 12 1 0 0], v0x5b71b3ea81c0_0, L_0x78cf70d86408;
L_0x5b71b3ec5c60 .concat [ 12 1 0 0], v0x5b71b3e97400_0, L_0x78cf70d86450;
L_0x5b71b3ec5d50 .arith/sum 13, L_0x5b71b3ec5b20, L_0x5b71b3ec5c60;
L_0x5b71b3ec5fa0 .cmp/ge 13, L_0x5b71b3ec5d50, L_0x78cf70d86498;
L_0x5b71b3ec6110 .arith/sub 13, L_0x5b71b3ec5d50, L_0x78cf70d864e0;
L_0x5b71b3ec6200 .functor MUXZ 13, L_0x5b71b3ec5d50, L_0x5b71b3ec6110, L_0x5b71b3ec5fa0, C4<>;
L_0x5b71b3ec6330 .part L_0x5b71b3ec6200, 0, 12;
L_0x5b71b3ec6470 .cmp/ge 12, v0x5b71b3ea81c0_0, v0x5b71b3e97400_0;
L_0x5b71b3ec65f0 .concat [ 12 1 0 0], v0x5b71b3ea81c0_0, L_0x78cf70d86528;
L_0x5b71b3ec6720 .concat [ 12 1 0 0], v0x5b71b3e97400_0, L_0x78cf70d86570;
L_0x5b71b3ec6820 .arith/sub 13, L_0x5b71b3ec65f0, L_0x5b71b3ec6720;
L_0x5b71b3ec6910 .concat [ 12 1 0 0], v0x5b71b3ea81c0_0, L_0x78cf70d865b8;
L_0x5b71b3ec6a70 .arith/sum 13, L_0x5b71b3ec6910, L_0x78cf70d86600;
L_0x5b71b3ec6bb0 .concat [ 12 1 0 0], v0x5b71b3e97400_0, L_0x78cf70d86648;
L_0x5b71b3ec6ca0 .arith/sub 13, L_0x5b71b3ec6a70, L_0x5b71b3ec6bb0;
L_0x5b71b3ec6de0 .functor MUXZ 13, L_0x5b71b3ec6ca0, L_0x5b71b3ec6820, L_0x5b71b3ec6470, C4<>;
L_0x5b71b3ec7000 .part L_0x5b71b3ec6de0, 0, 12;
S_0x5b71b3e94de0 .scope module, "u_mul" "ntt_mod_mul_12b" 6 31, 8 3 0, S_0x5b71b3e92fe0;
 .timescale -9 -12;
    .port_info 0 /INPUT 1 "clk";
    .port_info 1 /INPUT 12 "a_i";
    .port_info 2 /INPUT 12 "b_i";
    .port_info 3 /OUTPUT 12 "r_o";
v0x5b71b3e94f90_0 .net *"_ivl_0", 23 0, L_0x5b71b3eb3060;  1 drivers
v0x5b71b3e95070_0 .net *"_ivl_12", 15 0, L_0x5b71b3ec3640;  1 drivers
v0x5b71b3e95150_0 .net *"_ivl_14", 3 0, L_0x5b71b3ec3500;  1 drivers
L_0x78cf70d86138 .functor BUFT 1, C4<000000000000>, C4<0>, C4<0>, C4<0>;
v0x5b71b3e95210_0 .net *"_ivl_16", 11 0, L_0x78cf70d86138;  1 drivers
v0x5b71b3e952f0_0 .net *"_ivl_18", 15 0, L_0x5b71b3ec3860;  1 drivers
v0x5b71b3e95420_0 .net *"_ivl_20", 6 0, L_0x5b71b3ec37c0;  1 drivers
L_0x78cf70d86180 .functor BUFT 1, C4<000000000>, C4<0>, C4<0>, C4<0>;
v0x5b71b3e95500_0 .net *"_ivl_22", 8 0, L_0x78cf70d86180;  1 drivers
v0x5b71b3e955e0_0 .net *"_ivl_26", 15 0, L_0x5b71b3ec3d30;  1 drivers
v0x5b71b3e956c0_0 .net *"_ivl_28", 7 0, L_0x5b71b3ec3ba0;  1 drivers
L_0x78cf70d860a8 .functor BUFT 1, C4<000000000000>, C4<0>, C4<0>, C4<0>;
v0x5b71b3e957a0_0 .net *"_ivl_3", 11 0, L_0x78cf70d860a8;  1 drivers
L_0x78cf70d861c8 .functor BUFT 1, C4<00000000>, C4<0>, C4<0>, C4<0>;
v0x5b71b3e95880_0 .net *"_ivl_30", 7 0, L_0x78cf70d861c8;  1 drivers
L_0x78cf70d86210 .functor BUFT 1, C4<0000000000000>, C4<0>, C4<0>, C4<0>;
v0x5b71b3e95960_0 .net/2u *"_ivl_36", 12 0, L_0x78cf70d86210;  1 drivers
v0x5b71b3e95a40_0 .net *"_ivl_4", 23 0, L_0x5b71b3ec31b0;  1 drivers
v0x5b71b3e95b20_0 .net *"_ivl_40", 28 0, L_0x5b71b3ec4360;  1 drivers
v0x5b71b3e95c00_0 .net *"_ivl_42", 16 0, L_0x5b71b3ec41e0;  1 drivers
L_0x78cf70d86258 .functor BUFT 1, C4<000000000000>, C4<0>, C4<0>, C4<0>;
v0x5b71b3e95ce0_0 .net *"_ivl_44", 11 0, L_0x78cf70d86258;  1 drivers
v0x5b71b3e95dc0_0 .net *"_ivl_46", 28 0, L_0x5b71b3ec4580;  1 drivers
v0x5b71b3e95ea0_0 .net *"_ivl_48", 19 0, L_0x5b71b3ec44e0;  1 drivers
L_0x78cf70d862a0 .functor BUFT 1, C4<000000000>, C4<0>, C4<0>, C4<0>;
v0x5b71b3e95f80_0 .net *"_ivl_50", 8 0, L_0x78cf70d862a0;  1 drivers
v0x5b71b3e96060_0 .net *"_ivl_54", 28 0, L_0x5b71b3ec46c0;  1 drivers
v0x5b71b3e96140_0 .net *"_ivl_56", 20 0, L_0x5b71b3ec48a0;  1 drivers
L_0x78cf70d862e8 .functor BUFT 1, C4<00000000>, C4<0>, C4<0>, C4<0>;
v0x5b71b3e96220_0 .net *"_ivl_58", 7 0, L_0x78cf70d862e8;  1 drivers
L_0x78cf70d86330 .functor BUFT 1, C4<00000>, C4<0>, C4<0>, C4<0>;
v0x5b71b3e96300_0 .net/2u *"_ivl_64", 4 0, L_0x78cf70d86330;  1 drivers
v0x5b71b3e963e0_0 .net *"_ivl_66", 28 0, L_0x5b71b3ec4d30;  1 drivers
L_0x78cf70d860f0 .functor BUFT 1, C4<000000000000>, C4<0>, C4<0>, C4<0>;
v0x5b71b3e964c0_0 .net *"_ivl_7", 11 0, L_0x78cf70d860f0;  1 drivers
L_0x78cf70d86378 .functor BUFT 1, C4<0>, C4<0>, C4<0>, C4<0>;
v0x5b71b3e965a0_0 .net/2u *"_ivl_72", 0 0, L_0x78cf70d86378;  1 drivers
v0x5b71b3e96680_0 .net *"_ivl_74", 13 0, L_0x5b71b3ec51b0;  1 drivers
L_0x78cf70d863c0 .functor BUFT 1, C4<00110100000001>, C4<0>, C4<0>, C4<0>;
v0x5b71b3e96760_0 .net/2u *"_ivl_76", 13 0, L_0x78cf70d863c0;  1 drivers
v0x5b71b3e96840_0 .net *"_ivl_83", 11 0, L_0x5b71b3ec5610;  1 drivers
v0x5b71b3e96920_0 .net *"_ivl_85", 11 0, L_0x5b71b3ec57b0;  1 drivers
v0x5b71b3e96a00_0 .net "a_i", 11 0, v0x5b71b3ea8410_0;  1 drivers
v0x5b71b3e96ae0_0 .net "b_i", 11 0, v0x5b71b3ea8f90_0;  1 drivers
v0x5b71b3e96bc0_0 .net "clk", 0 0, v0x5b71b3eb14f0_0;  alias, 1 drivers
v0x5b71b3e96c60_0 .net "is_negative", 0 0, L_0x5b71b3ec5520;  1 drivers
v0x5b71b3e96d00_0 .net "m_29", 28 0, L_0x5b71b3ec4070;  1 drivers
v0x5b71b3e96de0_0 .net "m_comb", 15 0, L_0x5b71b3ec3f30;  1 drivers
v0x5b71b3e96ec0_0 .var "m_reg", 15 0;
v0x5b71b3e96fa0_0 .net "mq_comb", 28 0, L_0x5b71b3ec4bf0;  1 drivers
v0x5b71b3e97080_0 .net "p1_m", 15 0, L_0x5b71b3ec39f0;  1 drivers
v0x5b71b3e97160_0 .net "p1_mq", 28 0, L_0x5b71b3ec4760;  1 drivers
v0x5b71b3e97240_0 .net "p2_m", 15 0, L_0x5b71b3ec3dd0;  1 drivers
v0x5b71b3e97320_0 .net "p2_mq", 28 0, L_0x5b71b3ec4a40;  1 drivers
v0x5b71b3e97400_0 .var "r_o", 11 0;
v0x5b71b3e974c0_0 .net "reduced_comb", 11 0, L_0x5b71b3ec5850;  1 drivers
v0x5b71b3e97580_0 .net "sub_val", 13 0, L_0x5b71b3ec52f0;  1 drivers
v0x5b71b3e97660_0 .net "t_16", 15 0, L_0x5b71b3ec3430;  1 drivers
v0x5b71b3e97740_0 .net "t_comb", 23 0, L_0x5b71b3ec32f0;  1 drivers
v0x5b71b3ea7850_0 .net "t_plus_comb", 28 0, L_0x5b71b3ec4ef0;  1 drivers
v0x5b71b3ea7930_0 .var "t_plus_reg", 28 0;
v0x5b71b3ea7a10_0 .var "t_reg", 23 0;
v0x5b71b3ea7af0_0 .var "t_reg_d1", 23 0;
v0x5b71b3ea7bd0_0 .net "u_comb", 12 0, L_0x5b71b3ec5030;  1 drivers
L_0x5b71b3eb3060 .concat [ 12 12 0 0], v0x5b71b3ea8410_0, L_0x78cf70d860a8;
L_0x5b71b3ec31b0 .concat [ 12 12 0 0], v0x5b71b3ea8f90_0, L_0x78cf70d860f0;
L_0x5b71b3ec32f0 .arith/mult 24, L_0x5b71b3eb3060, L_0x5b71b3ec31b0;
L_0x5b71b3ec3430 .part v0x5b71b3ea7a10_0, 0, 16;
L_0x5b71b3ec3500 .part L_0x5b71b3ec3430, 0, 4;
L_0x5b71b3ec3640 .concat [ 12 4 0 0], L_0x78cf70d86138, L_0x5b71b3ec3500;
L_0x5b71b3ec37c0 .part L_0x5b71b3ec3430, 0, 7;
L_0x5b71b3ec3860 .concat [ 9 7 0 0], L_0x78cf70d86180, L_0x5b71b3ec37c0;
L_0x5b71b3ec39f0 .arith/sub 16, L_0x5b71b3ec3640, L_0x5b71b3ec3860;
L_0x5b71b3ec3ba0 .part L_0x5b71b3ec3430, 0, 8;
L_0x5b71b3ec3d30 .concat [ 8 8 0 0], L_0x78cf70d861c8, L_0x5b71b3ec3ba0;
L_0x5b71b3ec3dd0 .arith/sum 16, L_0x5b71b3ec3d30, L_0x5b71b3ec3430;
L_0x5b71b3ec3f30 .arith/sub 16, L_0x5b71b3ec39f0, L_0x5b71b3ec3dd0;
L_0x5b71b3ec4070 .concat [ 16 13 0 0], v0x5b71b3e96ec0_0, L_0x78cf70d86210;
L_0x5b71b3ec41e0 .part L_0x5b71b3ec4070, 0, 17;
L_0x5b71b3ec4360 .concat [ 12 17 0 0], L_0x78cf70d86258, L_0x5b71b3ec41e0;
L_0x5b71b3ec44e0 .part L_0x5b71b3ec4070, 0, 20;
L_0x5b71b3ec4580 .concat [ 9 20 0 0], L_0x78cf70d862a0, L_0x5b71b3ec44e0;
L_0x5b71b3ec4760 .arith/sub 29, L_0x5b71b3ec4360, L_0x5b71b3ec4580;
L_0x5b71b3ec48a0 .part L_0x5b71b3ec4070, 0, 21;
L_0x5b71b3ec46c0 .concat [ 8 21 0 0], L_0x78cf70d862e8, L_0x5b71b3ec48a0;
L_0x5b71b3ec4a40 .arith/sub 29, L_0x5b71b3ec46c0, L_0x5b71b3ec4070;
L_0x5b71b3ec4bf0 .arith/sub 29, L_0x5b71b3ec4760, L_0x5b71b3ec4a40;
L_0x5b71b3ec4d30 .concat [ 24 5 0 0], v0x5b71b3ea7af0_0, L_0x78cf70d86330;
L_0x5b71b3ec4ef0 .arith/sum 29, L_0x5b71b3ec4d30, L_0x5b71b3ec4bf0;
L_0x5b71b3ec5030 .part v0x5b71b3ea7930_0, 16, 13;
L_0x5b71b3ec51b0 .concat [ 13 1 0 0], L_0x5b71b3ec5030, L_0x78cf70d86378;
L_0x5b71b3ec52f0 .arith/sub 14, L_0x5b71b3ec51b0, L_0x78cf70d863c0;
L_0x5b71b3ec5520 .part L_0x5b71b3ec52f0, 13, 1;
L_0x5b71b3ec5610 .part L_0x5b71b3ec5030, 0, 12;
L_0x5b71b3ec57b0 .part L_0x5b71b3ec52f0, 0, 12;
L_0x5b71b3ec5850 .functor MUXZ 12, L_0x5b71b3ec57b0, L_0x5b71b3ec5610, L_0x5b71b3ec5520, C4<>;
S_0x5b71b3ea91d0 .scope module, "u_controller" "ntt_controller" 4 36, 9 4 0, S_0x5b71b3e68220;
 .timescale -9 -12;
    .port_info 0 /INPUT 1 "clk";
    .port_info 1 /INPUT 1 "rst_n";
    .port_info 2 /INPUT 1 "start";
    .port_info 3 /INPUT 1 "mode";
    .port_info 4 /INPUT 1 "advance";
    .port_info 5 /OUTPUT 2 "state";
    .port_info 6 /OUTPUT 1 "busy";
    .port_info 7 /OUTPUT 1 "done";
    .port_info 8 /OUTPUT 8 "len";
    .port_info 9 /OUTPUT 8 "pos";
    .port_info 10 /OUTPUT 8 "zidx";
    .port_info 11 /OUTPUT 8 "cnt";
P_0x5b71b3e79920 .param/l "S_IDLE" 1 9 19, C4<00>;
P_0x5b71b3e79960 .param/l "S_RUN" 1 9 20, C4<01>;
P_0x5b71b3e799a0 .param/l "S_SCALE" 1 9 21, C4<10>;
v0x5b71b3ea94e0_0 .net "advance", 0 0, v0x5b71b3eaef30_0;  1 drivers
v0x5b71b3ea95a0_0 .var "busy", 0 0;
v0x5b71b3ea9690_0 .net "clk", 0 0, v0x5b71b3eb14f0_0;  alias, 1 drivers
v0x5b71b3ea9760_0 .var "cnt", 7 0;
v0x5b71b3ea9800_0 .var "done", 0 0;
v0x5b71b3ea98f0_0 .var "len", 7 0;
v0x5b71b3ea99b0_0 .net "mode", 0 0, v0x5b71b3eb1d70_0;  alias, 1 drivers
v0x5b71b3ea9a50_0 .var "pos", 7 0;
v0x5b71b3ea9b40_0 .net "rst_n", 0 0, v0x5b71b3eb1ef0_0;  alias, 1 drivers
v0x5b71b3ea9be0_0 .net "start", 0 0, v0x5b71b3eb2020_0;  alias, 1 drivers
v0x5b71b3ea9c80_0 .var "state", 1 0;
v0x5b71b3ea9d60_0 .var "zidx", 7 0;
S_0x5b71b3ea9f80 .scope module, "u_mem" "poly_ram_dual" 4 95, 10 4 0, S_0x5b71b3e68220;
 .timescale -9 -12;
    .port_info 0 /INPUT 1 "clk";
    .port_info 1 /INPUT 1 "we";
    .port_info 2 /INPUT 8 "addr_wr";
    .port_info 3 /INPUT 8 "addr_rd0";
    .port_info 4 /INPUT 8 "addr_rd1";
    .port_info 5 /INPUT 12 "din";
    .port_info 6 /OUTPUT 12 "dout0";
    .port_info 7 /OUTPUT 12 "dout1";
P_0x5b71b3e79460 .param/l "ADDR_WIDTH" 0 10 6, +C4<00000000000000000000000000001000>;
P_0x5b71b3e794a0 .param/l "DEPTH" 0 10 5, +C4<00000000000000000000000100000000>;
L_0x5b71b3e78330 .functor BUFZ 12, L_0x5b71b3eb2960, C4<000000000000>, C4<000000000000>, C4<000000000000>;
L_0x5b71b3eb2dd0 .functor BUFZ 12, L_0x5b71b3eb2bf0, C4<000000000000>, C4<000000000000>, C4<000000000000>;
v0x5b71b3eaa410_0 .net *"_ivl_0", 11 0, L_0x5b71b3eb2960;  1 drivers
v0x5b71b3eaa510_0 .net *"_ivl_10", 9 0, L_0x5b71b3eb2c90;  1 drivers
L_0x78cf70d86060 .functor BUFT 1, C4<00>, C4<0>, C4<0>, C4<0>;
v0x5b71b3eaa5f0_0 .net *"_ivl_13", 1 0, L_0x78cf70d86060;  1 drivers
v0x5b71b3eaa6e0_0 .net *"_ivl_2", 9 0, L_0x5b71b3eb2a20;  1 drivers
L_0x78cf70d86018 .functor BUFT 1, C4<00>, C4<0>, C4<0>, C4<0>;
v0x5b71b3eaa7c0_0 .net *"_ivl_5", 1 0, L_0x78cf70d86018;  1 drivers
v0x5b71b3eaa8f0_0 .net *"_ivl_8", 11 0, L_0x5b71b3eb2bf0;  1 drivers
v0x5b71b3eaa9d0_0 .net "addr_rd0", 7 0, L_0x5b71b3eb2690;  alias, 1 drivers
v0x5b71b3eaaab0_0 .net "addr_rd1", 7 0, v0x5b71b3e6ab70_0;  alias, 1 drivers
v0x5b71b3eaab70_0 .net "addr_wr", 7 0, L_0x5b71b3eb2550;  alias, 1 drivers
v0x5b71b3eaac30_0 .net "clk", 0 0, v0x5b71b3eb14f0_0;  alias, 1 drivers
v0x5b71b3eaad60_0 .net "din", 11 0, L_0x5b71b3eb27d0;  alias, 1 drivers
v0x5b71b3eaae40_0 .net "dout0", 11 0, L_0x5b71b3e78330;  alias, 1 drivers
v0x5b71b3eaaf30_0 .net "dout1", 11 0, L_0x5b71b3eb2dd0;  alias, 1 drivers
v0x5b71b3eab000 .array "mem", 255 0, 11 0;
v0x5b71b3eab0a0_0 .net "we", 0 0, L_0x5b71b3eb2420;  alias, 1 drivers
L_0x5b71b3eb2960 .array/port v0x5b71b3eab000, L_0x5b71b3eb2a20;
L_0x5b71b3eb2a20 .concat [ 8 2 0 0], L_0x5b71b3eb2690, L_0x78cf70d86018;
L_0x5b71b3eb2bf0 .array/port v0x5b71b3eab000, L_0x5b71b3eb2c90;
L_0x5b71b3eb2c90 .concat [ 8 2 0 0], v0x5b71b3e6ab70_0, L_0x78cf70d86060;
S_0x5b71b3eab260 .scope module, "u_rom" "ntt_twiddle_rom" 4 111, 11 6 0, S_0x5b71b3e68220;
 .timescale -9 -12;
    .port_info 0 /INPUT 7 "addr";
    .port_info 1 /INPUT 1 "is_inv";
    .port_info 2 /OUTPUT 12 "d_out";
v0x5b71b3eaea70_0 .net "addr", 6 0, L_0x5b71b3eb2fc0;  1 drivers
v0x5b71b3eaeb70_0 .net "d_out", 11 0, L_0x5b71b3eb2e90;  alias, 1 drivers
v0x5b71b3eaec30_0 .net "is_inv", 0 0, v0x5b71b3eb1d70_0;  alias, 1 drivers
L_0x5b71b3eb2e90 .ufunc/vec4 TD_tb_ntt_core_top_auto.dut.u_rom.ntt_twiddle_u, 12, L_0x5b71b3eb2fc0, v0x5b71b3eb1d70_0 (v0x5b71b3eae3f0_0, v0x5b71b3eae4f0_0) S_0x5b71b3eae210;
S_0x5b71b3eab460 .scope function.vec4.s12, "ntt_fqmul" "ntt_fqmul" 12 80, 12 80 0, S_0x5b71b3eab260;
 .timescale -9 -12;
v0x5b71b3eab660_0 .var "a", 11 0;
v0x5b71b3eab760_0 .var/s "b", 15 0;
v0x5b71b3eab840_0 .var "b_u", 11 0;
v0x5b71b3eab900_0 .var "b_u16", 15 0;
; Variable ntt_fqmul is vec4 return value of scope S_0x5b71b3eab460
v0x5b71b3eabb10_0 .var "t", 23 0;
TD_tb_ntt_core_top_auto.dut.u_rom.ntt_fqmul ;
    %load/vec4 v0x5b71b3eab760_0;
    %parti/s 1, 15, 5;
    %flag_set/vec4 8;
    %jmp/0 T_2.10, 8;
    %load/vec4 v0x5b71b3eab760_0;
    %addi 3329, 0, 16;
    %jmp/1 T_2.11, 8;
T_2.10 ; End of true expr.
    %load/vec4 v0x5b71b3eab760_0;
    %jmp/0 T_2.11, 8;
 ; End of false expr.
    %blend;
T_2.11;
    %store/vec4 v0x5b71b3eab900_0, 0, 16;
    %load/vec4 v0x5b71b3eab900_0;
    %parti/s 12, 0, 2;
    %store/vec4 v0x5b71b3eab840_0, 0, 12;
    %load/vec4 v0x5b71b3eab660_0;
    %load/vec4 v0x5b71b3eab840_0;
    %store/vec4 v0x5b71b3ead4a0_0, 0, 12;
    %store/vec4 v0x5b71b3ead3a0_0, 0, 12;
    %callf/vec4 TD_tb_ntt_core_top_auto.dut.u_rom.ntt_mul_12x12, S_0x5b71b3ead1c0;
    %store/vec4 v0x5b71b3eabb10_0, 0, 24;
    %load/vec4 v0x5b71b3eabb10_0;
    %store/vec4 v0x5b71b3eacc80_0, 0, 24;
    %callf/vec4 TD_tb_ntt_core_top_auto.dut.u_rom.ntt_montgomery_reduce, S_0x5b71b3eac6f0;
    %ret/vec4 0, 0, 12;  Assign to ntt_fqmul (store_vec4_to_lval)
    %end;
S_0x5b71b3eabbf0 .scope function.vec4.s12, "ntt_mod_add" "ntt_mod_add" 12 4, 12 4 0, S_0x5b71b3eab260;
 .timescale -9 -12;
v0x5b71b3eabdf0_0 .var "a", 11 0;
v0x5b71b3eabed0_0 .var "b", 11 0;
; Variable ntt_mod_add is vec4 return value of scope S_0x5b71b3eabbf0
v0x5b71b3eac070_0 .var "sum", 12 0;
TD_tb_ntt_core_top_auto.dut.u_rom.ntt_mod_add ;
    %pushi/vec4 0, 0, 1;
    %load/vec4 v0x5b71b3eabdf0_0;
    %concat/vec4; draw_concat_vec4
    %pushi/vec4 0, 0, 1;
    %load/vec4 v0x5b71b3eabed0_0;
    %concat/vec4; draw_concat_vec4
    %add;
    %store/vec4 v0x5b71b3eac070_0, 0, 13;
    %load/vec4 v0x5b71b3eac070_0;
    %cmpi/u 3329, 0, 13;
    %flag_inv 5; GE is !LT
    %jmp/0xz  T_3.12, 5;
    %load/vec4 v0x5b71b3eac070_0;
    %subi 3329, 0, 13;
    %pad/u 12;
    %ret/vec4 0, 0, 12;  Assign to ntt_mod_add (store_vec4_to_lval)
    %jmp T_3.13;
T_3.12 ;
    %load/vec4 v0x5b71b3eac070_0;
    %parti/s 12, 0, 2;
    %ret/vec4 0, 0, 12;  Assign to ntt_mod_add (store_vec4_to_lval)
T_3.13 ;
    %end;
S_0x5b71b3eac150 .scope function.vec4.s12, "ntt_mod_sub" "ntt_mod_sub" 12 18, 12 18 0, S_0x5b71b3eab260;
 .timescale -9 -12;
v0x5b71b3eac360_0 .var "a", 11 0;
v0x5b71b3eac440_0 .var "b", 11 0;
v0x5b71b3eac520_0 .var "diff", 12 0;
; Variable ntt_mod_sub is vec4 return value of scope S_0x5b71b3eac150
TD_tb_ntt_core_top_auto.dut.u_rom.ntt_mod_sub ;
    %load/vec4 v0x5b71b3eac440_0;
    %load/vec4 v0x5b71b3eac360_0;
    %cmp/u;
    %flag_or 5, 4;
    %jmp/0xz  T_4.14, 5;
    %pushi/vec4 0, 0, 1;
    %load/vec4 v0x5b71b3eac360_0;
    %concat/vec4; draw_concat_vec4
    %pushi/vec4 0, 0, 1;
    %load/vec4 v0x5b71b3eac440_0;
    %concat/vec4; draw_concat_vec4
    %sub;
    %store/vec4 v0x5b71b3eac520_0, 0, 13;
    %jmp T_4.15;
T_4.14 ;
    %pushi/vec4 0, 0, 1;
    %load/vec4 v0x5b71b3eac360_0;
    %concat/vec4; draw_concat_vec4
    %addi 3329, 0, 13;
    %pushi/vec4 0, 0, 1;
    %load/vec4 v0x5b71b3eac440_0;
    %concat/vec4; draw_concat_vec4
    %sub;
    %store/vec4 v0x5b71b3eac520_0, 0, 13;
T_4.15 ;
    %load/vec4 v0x5b71b3eac520_0;
    %parti/s 12, 0, 2;
    %ret/vec4 0, 0, 12;  Assign to ntt_mod_sub (store_vec4_to_lval)
    %end;
S_0x5b71b3eac6f0 .scope function.vec4.s12, "ntt_montgomery_reduce" "ntt_montgomery_reduce" 12 50, 12 50 0, S_0x5b71b3eab260;
 .timescale -9 -12;
v0x5b71b3eac8d0_0 .var "m", 15 0;
v0x5b71b3eac9d0_0 .var "m_ext", 31 0;
v0x5b71b3eacab0_0 .var "m_q", 31 0;
; Variable ntt_montgomery_reduce is vec4 return value of scope S_0x5b71b3eac6f0
v0x5b71b3eacc80_0 .var "t", 23 0;
v0x5b71b3eacdb0_0 .var "t_ext", 47 0;
v0x5b71b3eace90_0 .var "t_plus", 31 0;
v0x5b71b3eacf70_0 .var "t_qinv", 47 0;
v0x5b71b3ead050_0 .var "u", 15 0;
TD_tb_ntt_core_top_auto.dut.u_rom.ntt_montgomery_reduce ;
    %pushi/vec4 0, 0, 24;
    %load/vec4 v0x5b71b3eacc80_0;
    %concat/vec4; draw_concat_vec4
    %store/vec4 v0x5b71b3eacdb0_0, 0, 48;
    %load/vec4 v0x5b71b3eacdb0_0;
    %ix/load 4, 12, 0;
    %flag_set/imm 4, 0;
    %shiftl 4;
    %load/vec4 v0x5b71b3eacdb0_0;
    %ix/load 4, 9, 0;
    %flag_set/imm 4, 0;
    %shiftl 4;
    %sub;
    %load/vec4 v0x5b71b3eacdb0_0;
    %ix/load 4, 8, 0;
    %flag_set/imm 4, 0;
    %shiftl 4;
    %sub;
    %load/vec4 v0x5b71b3eacdb0_0;
    %sub;
    %store/vec4 v0x5b71b3eacf70_0, 0, 48;
    %load/vec4 v0x5b71b3eacf70_0;
    %parti/s 16, 0, 2;
    %store/vec4 v0x5b71b3eac8d0_0, 0, 16;
    %pushi/vec4 0, 0, 16;
    %load/vec4 v0x5b71b3eac8d0_0;
    %concat/vec4; draw_concat_vec4
    %store/vec4 v0x5b71b3eac9d0_0, 0, 32;
    %load/vec4 v0x5b71b3eac9d0_0;
    %ix/load 4, 12, 0;
    %flag_set/imm 4, 0;
    %shiftl 4;
    %load/vec4 v0x5b71b3eac9d0_0;
    %ix/load 4, 9, 0;
    %flag_set/imm 4, 0;
    %shiftl 4;
    %sub;
    %load/vec4 v0x5b71b3eac9d0_0;
    %ix/load 4, 8, 0;
    %flag_set/imm 4, 0;
    %shiftl 4;
    %sub;
    %load/vec4 v0x5b71b3eac9d0_0;
    %add;
    %store/vec4 v0x5b71b3eacab0_0, 0, 32;
    %pushi/vec4 0, 0, 8;
    %load/vec4 v0x5b71b3eacc80_0;
    %concat/vec4; draw_concat_vec4
    %load/vec4 v0x5b71b3eacab0_0;
    %add;
    %store/vec4 v0x5b71b3eace90_0, 0, 32;
    %load/vec4 v0x5b71b3eace90_0;
    %ix/load 4, 16, 0;
    %flag_set/imm 4, 0;
    %shiftr 4;
    %pad/u 16;
    %store/vec4 v0x5b71b3ead050_0, 0, 16;
    %load/vec4 v0x5b71b3ead050_0;
    %cmpi/u 3329, 0, 16;
    %flag_inv 5; GE is !LT
    %jmp/0xz  T_5.16, 5;
    %load/vec4 v0x5b71b3ead050_0;
    %subi 3329, 0, 16;
    %pad/u 12;
    %ret/vec4 0, 0, 12;  Assign to ntt_montgomery_reduce (store_vec4_to_lval)
    %jmp T_5.17;
T_5.16 ;
    %load/vec4 v0x5b71b3ead050_0;
    %parti/s 12, 0, 2;
    %ret/vec4 0, 0, 12;  Assign to ntt_montgomery_reduce (store_vec4_to_lval)
T_5.17 ;
    %end;
S_0x5b71b3ead1c0 .scope function.vec4.s24, "ntt_mul_12x12" "ntt_mul_12x12" 12 32, 12 32 0, S_0x5b71b3eab260;
 .timescale -9 -12;
v0x5b71b3ead3a0_0 .var "a", 11 0;
v0x5b71b3ead4a0_0 .var "b", 11 0;
v0x5b71b3ead580_0 .var/i "i", 31 0;
; Variable ntt_mul_12x12 is vec4 return value of scope S_0x5b71b3ead1c0
v0x5b71b3ead720_0 .var "res", 23 0;
TD_tb_ntt_core_top_auto.dut.u_rom.ntt_mul_12x12 ;
    %pushi/vec4 0, 0, 24;
    %store/vec4 v0x5b71b3ead720_0, 0, 24;
    %pushi/vec4 0, 0, 32;
    %store/vec4 v0x5b71b3ead580_0, 0, 32;
T_6.18 ;
    %load/vec4 v0x5b71b3ead580_0;
    %cmpi/s 12, 0, 32;
    %jmp/0xz T_6.19, 5;
    %load/vec4 v0x5b71b3ead4a0_0;
    %load/vec4 v0x5b71b3ead580_0;
    %part/s 1;
    %flag_set/vec4 8;
    %jmp/0xz  T_6.20, 8;
    %load/vec4 v0x5b71b3ead720_0;
    %pushi/vec4 0, 0, 12;
    %load/vec4 v0x5b71b3ead3a0_0;
    %concat/vec4; draw_concat_vec4
    %load/vec4 v0x5b71b3ead580_0;
    %ix/vec4 4;
    %shiftl 4;
    %add;
    %store/vec4 v0x5b71b3ead720_0, 0, 24;
T_6.20 ;
    %load/vec4 v0x5b71b3ead580_0;
    %addi 1, 0, 32;
    %store/vec4 v0x5b71b3ead580_0, 0, 32;
    %jmp T_6.18;
T_6.19 ;
    %load/vec4 v0x5b71b3ead720_0;
    %ret/vec4 0, 0, 24;  Assign to ntt_mul_12x12 (store_vec4_to_lval)
    %end;
S_0x5b71b3ead850 .scope function.vec4.u16, "ntt_twiddle" "ntt_twiddle" 12 235, 12 235 0, S_0x5b71b3eab260;
 .timescale -9 -12;
v0x5b71b3eada30_0 .var "addr", 6 0;
v0x5b71b3eadb30_0 .var "is_inv", 0 0;
; Variable ntt_twiddle is vec4 return value of scope S_0x5b71b3ead850
v0x5b71b3eadcb0_0 .var/s "tmp", 31 0;
TD_tb_ntt_core_top_auto.dut.u_rom.ntt_twiddle ;
    %load/vec4 v0x5b71b3eada30_0;
    %store/vec4 v0x5b71b3eadf70_0, 0, 7;
    %callf/vec4 TD_tb_ntt_core_top_auto.dut.u_rom.ntt_twiddle_entry, S_0x5b71b3eadd90;
    %store/vec4 v0x5b71b3eadcb0_0, 0, 32;
    %load/vec4 v0x5b71b3eadb30_0;
    %flag_set/vec4 8;
    %jmp/0xz  T_7.22, 8;
    %load/vec4 v0x5b71b3eadcb0_0;
    %parti/s 16, 0, 2;
    %ret/vec4 0, 0, 16;  Assign to ntt_twiddle (store_vec4_to_lval)
    %jmp T_7.23;
T_7.22 ;
    %load/vec4 v0x5b71b3eadcb0_0;
    %parti/s 16, 16, 6;
    %ret/vec4 0, 0, 16;  Assign to ntt_twiddle (store_vec4_to_lval)
T_7.23 ;
    %end;
S_0x5b71b3eadd90 .scope function.vec4.u32, "ntt_twiddle_entry" "ntt_twiddle_entry" 12 95, 12 95 0, S_0x5b71b3eab260;
 .timescale -9 -12;
v0x5b71b3eadf70_0 .var "addr", 6 0;
; Variable ntt_twiddle_entry is vec4 return value of scope S_0x5b71b3eadd90
v0x5b71b3eae150_0 .var/s "val", 31 0;
TD_tb_ntt_core_top_auto.dut.u_rom.ntt_twiddle_entry ;
    %load/vec4 v0x5b71b3eadf70_0;
    %dup/vec4;
    %pushi/vec4 0, 0, 7;
    %cmp/u;
    %jmp/1 T_8.24, 6;
    %dup/vec4;
    %pushi/vec4 1, 0, 7;
    %cmp/u;
    %jmp/1 T_8.25, 6;
    %dup/vec4;
    %pushi/vec4 2, 0, 7;
    %cmp/u;
    %jmp/1 T_8.26, 6;
    %dup/vec4;
    %pushi/vec4 3, 0, 7;
    %cmp/u;
    %jmp/1 T_8.27, 6;
    %dup/vec4;
    %pushi/vec4 4, 0, 7;
    %cmp/u;
    %jmp/1 T_8.28, 6;
    %dup/vec4;
    %pushi/vec4 5, 0, 7;
    %cmp/u;
    %jmp/1 T_8.29, 6;
    %dup/vec4;
    %pushi/vec4 6, 0, 7;
    %cmp/u;
    %jmp/1 T_8.30, 6;
    %dup/vec4;
    %pushi/vec4 7, 0, 7;
    %cmp/u;
    %jmp/1 T_8.31, 6;
    %dup/vec4;
    %pushi/vec4 8, 0, 7;
    %cmp/u;
    %jmp/1 T_8.32, 6;
    %dup/vec4;
    %pushi/vec4 9, 0, 7;
    %cmp/u;
    %jmp/1 T_8.33, 6;
    %dup/vec4;
    %pushi/vec4 10, 0, 7;
    %cmp/u;
    %jmp/1 T_8.34, 6;
    %dup/vec4;
    %pushi/vec4 11, 0, 7;
    %cmp/u;
    %jmp/1 T_8.35, 6;
    %dup/vec4;
    %pushi/vec4 12, 0, 7;
    %cmp/u;
    %jmp/1 T_8.36, 6;
    %dup/vec4;
    %pushi/vec4 13, 0, 7;
    %cmp/u;
    %jmp/1 T_8.37, 6;
    %dup/vec4;
    %pushi/vec4 14, 0, 7;
    %cmp/u;
    %jmp/1 T_8.38, 6;
    %dup/vec4;
    %pushi/vec4 15, 0, 7;
    %cmp/u;
    %jmp/1 T_8.39, 6;
    %dup/vec4;
    %pushi/vec4 16, 0, 7;
    %cmp/u;
    %jmp/1 T_8.40, 6;
    %dup/vec4;
    %pushi/vec4 17, 0, 7;
    %cmp/u;
    %jmp/1 T_8.41, 6;
    %dup/vec4;
    %pushi/vec4 18, 0, 7;
    %cmp/u;
    %jmp/1 T_8.42, 6;
    %dup/vec4;
    %pushi/vec4 19, 0, 7;
    %cmp/u;
    %jmp/1 T_8.43, 6;
    %dup/vec4;
    %pushi/vec4 20, 0, 7;
    %cmp/u;
    %jmp/1 T_8.44, 6;
    %dup/vec4;
    %pushi/vec4 21, 0, 7;
    %cmp/u;
    %jmp/1 T_8.45, 6;
    %dup/vec4;
    %pushi/vec4 22, 0, 7;
    %cmp/u;
    %jmp/1 T_8.46, 6;
    %dup/vec4;
    %pushi/vec4 23, 0, 7;
    %cmp/u;
    %jmp/1 T_8.47, 6;
    %dup/vec4;
    %pushi/vec4 24, 0, 7;
    %cmp/u;
    %jmp/1 T_8.48, 6;
    %dup/vec4;
    %pushi/vec4 25, 0, 7;
    %cmp/u;
    %jmp/1 T_8.49, 6;
    %dup/vec4;
    %pushi/vec4 26, 0, 7;
    %cmp/u;
    %jmp/1 T_8.50, 6;
    %dup/vec4;
    %pushi/vec4 27, 0, 7;
    %cmp/u;
    %jmp/1 T_8.51, 6;
    %dup/vec4;
    %pushi/vec4 28, 0, 7;
    %cmp/u;
    %jmp/1 T_8.52, 6;
    %dup/vec4;
    %pushi/vec4 29, 0, 7;
    %cmp/u;
    %jmp/1 T_8.53, 6;
    %dup/vec4;
    %pushi/vec4 30, 0, 7;
    %cmp/u;
    %jmp/1 T_8.54, 6;
    %dup/vec4;
    %pushi/vec4 31, 0, 7;
    %cmp/u;
    %jmp/1 T_8.55, 6;
    %dup/vec4;
    %pushi/vec4 32, 0, 7;
    %cmp/u;
    %jmp/1 T_8.56, 6;
    %dup/vec4;
    %pushi/vec4 33, 0, 7;
    %cmp/u;
    %jmp/1 T_8.57, 6;
    %dup/vec4;
    %pushi/vec4 34, 0, 7;
    %cmp/u;
    %jmp/1 T_8.58, 6;
    %dup/vec4;
    %pushi/vec4 35, 0, 7;
    %cmp/u;
    %jmp/1 T_8.59, 6;
    %dup/vec4;
    %pushi/vec4 36, 0, 7;
    %cmp/u;
    %jmp/1 T_8.60, 6;
    %dup/vec4;
    %pushi/vec4 37, 0, 7;
    %cmp/u;
    %jmp/1 T_8.61, 6;
    %dup/vec4;
    %pushi/vec4 38, 0, 7;
    %cmp/u;
    %jmp/1 T_8.62, 6;
    %dup/vec4;
    %pushi/vec4 39, 0, 7;
    %cmp/u;
    %jmp/1 T_8.63, 6;
    %dup/vec4;
    %pushi/vec4 40, 0, 7;
    %cmp/u;
    %jmp/1 T_8.64, 6;
    %dup/vec4;
    %pushi/vec4 41, 0, 7;
    %cmp/u;
    %jmp/1 T_8.65, 6;
    %dup/vec4;
    %pushi/vec4 42, 0, 7;
    %cmp/u;
    %jmp/1 T_8.66, 6;
    %dup/vec4;
    %pushi/vec4 43, 0, 7;
    %cmp/u;
    %jmp/1 T_8.67, 6;
    %dup/vec4;
    %pushi/vec4 44, 0, 7;
    %cmp/u;
    %jmp/1 T_8.68, 6;
    %dup/vec4;
    %pushi/vec4 45, 0, 7;
    %cmp/u;
    %jmp/1 T_8.69, 6;
    %dup/vec4;
    %pushi/vec4 46, 0, 7;
    %cmp/u;
    %jmp/1 T_8.70, 6;
    %dup/vec4;
    %pushi/vec4 47, 0, 7;
    %cmp/u;
    %jmp/1 T_8.71, 6;
    %dup/vec4;
    %pushi/vec4 48, 0, 7;
    %cmp/u;
    %jmp/1 T_8.72, 6;
    %dup/vec4;
    %pushi/vec4 49, 0, 7;
    %cmp/u;
    %jmp/1 T_8.73, 6;
    %dup/vec4;
    %pushi/vec4 50, 0, 7;
    %cmp/u;
    %jmp/1 T_8.74, 6;
    %dup/vec4;
    %pushi/vec4 51, 0, 7;
    %cmp/u;
    %jmp/1 T_8.75, 6;
    %dup/vec4;
    %pushi/vec4 52, 0, 7;
    %cmp/u;
    %jmp/1 T_8.76, 6;
    %dup/vec4;
    %pushi/vec4 53, 0, 7;
    %cmp/u;
    %jmp/1 T_8.77, 6;
    %dup/vec4;
    %pushi/vec4 54, 0, 7;
    %cmp/u;
    %jmp/1 T_8.78, 6;
    %dup/vec4;
    %pushi/vec4 55, 0, 7;
    %cmp/u;
    %jmp/1 T_8.79, 6;
    %dup/vec4;
    %pushi/vec4 56, 0, 7;
    %cmp/u;
    %jmp/1 T_8.80, 6;
    %dup/vec4;
    %pushi/vec4 57, 0, 7;
    %cmp/u;
    %jmp/1 T_8.81, 6;
    %dup/vec4;
    %pushi/vec4 58, 0, 7;
    %cmp/u;
    %jmp/1 T_8.82, 6;
    %dup/vec4;
    %pushi/vec4 59, 0, 7;
    %cmp/u;
    %jmp/1 T_8.83, 6;
    %dup/vec4;
    %pushi/vec4 60, 0, 7;
    %cmp/u;
    %jmp/1 T_8.84, 6;
    %dup/vec4;
    %pushi/vec4 61, 0, 7;
    %cmp/u;
    %jmp/1 T_8.85, 6;
    %dup/vec4;
    %pushi/vec4 62, 0, 7;
    %cmp/u;
    %jmp/1 T_8.86, 6;
    %dup/vec4;
    %pushi/vec4 63, 0, 7;
    %cmp/u;
    %jmp/1 T_8.87, 6;
    %dup/vec4;
    %pushi/vec4 64, 0, 7;
    %cmp/u;
    %jmp/1 T_8.88, 6;
    %dup/vec4;
    %pushi/vec4 65, 0, 7;
    %cmp/u;
    %jmp/1 T_8.89, 6;
    %dup/vec4;
    %pushi/vec4 66, 0, 7;
    %cmp/u;
    %jmp/1 T_8.90, 6;
    %dup/vec4;
    %pushi/vec4 67, 0, 7;
    %cmp/u;
    %jmp/1 T_8.91, 6;
    %dup/vec4;
    %pushi/vec4 68, 0, 7;
    %cmp/u;
    %jmp/1 T_8.92, 6;
    %dup/vec4;
    %pushi/vec4 69, 0, 7;
    %cmp/u;
    %jmp/1 T_8.93, 6;
    %dup/vec4;
    %pushi/vec4 70, 0, 7;
    %cmp/u;
    %jmp/1 T_8.94, 6;
    %dup/vec4;
    %pushi/vec4 71, 0, 7;
    %cmp/u;
    %jmp/1 T_8.95, 6;
    %dup/vec4;
    %pushi/vec4 72, 0, 7;
    %cmp/u;
    %jmp/1 T_8.96, 6;
    %dup/vec4;
    %pushi/vec4 73, 0, 7;
    %cmp/u;
    %jmp/1 T_8.97, 6;
    %dup/vec4;
    %pushi/vec4 74, 0, 7;
    %cmp/u;
    %jmp/1 T_8.98, 6;
    %dup/vec4;
    %pushi/vec4 75, 0, 7;
    %cmp/u;
    %jmp/1 T_8.99, 6;
    %dup/vec4;
    %pushi/vec4 76, 0, 7;
    %cmp/u;
    %jmp/1 T_8.100, 6;
    %dup/vec4;
    %pushi/vec4 77, 0, 7;
    %cmp/u;
    %jmp/1 T_8.101, 6;
    %dup/vec4;
    %pushi/vec4 78, 0, 7;
    %cmp/u;
    %jmp/1 T_8.102, 6;
    %dup/vec4;
    %pushi/vec4 79, 0, 7;
    %cmp/u;
    %jmp/1 T_8.103, 6;
    %dup/vec4;
    %pushi/vec4 80, 0, 7;
    %cmp/u;
    %jmp/1 T_8.104, 6;
    %dup/vec4;
    %pushi/vec4 81, 0, 7;
    %cmp/u;
    %jmp/1 T_8.105, 6;
    %dup/vec4;
    %pushi/vec4 82, 0, 7;
    %cmp/u;
    %jmp/1 T_8.106, 6;
    %dup/vec4;
    %pushi/vec4 83, 0, 7;
    %cmp/u;
    %jmp/1 T_8.107, 6;
    %dup/vec4;
    %pushi/vec4 84, 0, 7;
    %cmp/u;
    %jmp/1 T_8.108, 6;
    %dup/vec4;
    %pushi/vec4 85, 0, 7;
    %cmp/u;
    %jmp/1 T_8.109, 6;
    %dup/vec4;
    %pushi/vec4 86, 0, 7;
    %cmp/u;
    %jmp/1 T_8.110, 6;
    %dup/vec4;
    %pushi/vec4 87, 0, 7;
    %cmp/u;
    %jmp/1 T_8.111, 6;
    %dup/vec4;
    %pushi/vec4 88, 0, 7;
    %cmp/u;
    %jmp/1 T_8.112, 6;
    %dup/vec4;
    %pushi/vec4 89, 0, 7;
    %cmp/u;
    %jmp/1 T_8.113, 6;
    %dup/vec4;
    %pushi/vec4 90, 0, 7;
    %cmp/u;
    %jmp/1 T_8.114, 6;
    %dup/vec4;
    %pushi/vec4 91, 0, 7;
    %cmp/u;
    %jmp/1 T_8.115, 6;
    %dup/vec4;
    %pushi/vec4 92, 0, 7;
    %cmp/u;
    %jmp/1 T_8.116, 6;
    %dup/vec4;
    %pushi/vec4 93, 0, 7;
    %cmp/u;
    %jmp/1 T_8.117, 6;
    %dup/vec4;
    %pushi/vec4 94, 0, 7;
    %cmp/u;
    %jmp/1 T_8.118, 6;
    %dup/vec4;
    %pushi/vec4 95, 0, 7;
    %cmp/u;
    %jmp/1 T_8.119, 6;
    %dup/vec4;
    %pushi/vec4 96, 0, 7;
    %cmp/u;
    %jmp/1 T_8.120, 6;
    %dup/vec4;
    %pushi/vec4 97, 0, 7;
    %cmp/u;
    %jmp/1 T_8.121, 6;
    %dup/vec4;
    %pushi/vec4 98, 0, 7;
    %cmp/u;
    %jmp/1 T_8.122, 6;
    %dup/vec4;
    %pushi/vec4 99, 0, 7;
    %cmp/u;
    %jmp/1 T_8.123, 6;
    %dup/vec4;
    %pushi/vec4 100, 0, 7;
    %cmp/u;
    %jmp/1 T_8.124, 6;
    %dup/vec4;
    %pushi/vec4 101, 0, 7;
    %cmp/u;
    %jmp/1 T_8.125, 6;
    %dup/vec4;
    %pushi/vec4 102, 0, 7;
    %cmp/u;
    %jmp/1 T_8.126, 6;
    %dup/vec4;
    %pushi/vec4 103, 0, 7;
    %cmp/u;
    %jmp/1 T_8.127, 6;
    %dup/vec4;
    %pushi/vec4 104, 0, 7;
    %cmp/u;
    %jmp/1 T_8.128, 6;
    %dup/vec4;
    %pushi/vec4 105, 0, 7;
    %cmp/u;
    %jmp/1 T_8.129, 6;
    %dup/vec4;
    %pushi/vec4 106, 0, 7;
    %cmp/u;
    %jmp/1 T_8.130, 6;
    %dup/vec4;
    %pushi/vec4 107, 0, 7;
    %cmp/u;
    %jmp/1 T_8.131, 6;
    %dup/vec4;
    %pushi/vec4 108, 0, 7;
    %cmp/u;
    %jmp/1 T_8.132, 6;
    %dup/vec4;
    %pushi/vec4 109, 0, 7;
    %cmp/u;
    %jmp/1 T_8.133, 6;
    %dup/vec4;
    %pushi/vec4 110, 0, 7;
    %cmp/u;
    %jmp/1 T_8.134, 6;
    %dup/vec4;
    %pushi/vec4 111, 0, 7;
    %cmp/u;
    %jmp/1 T_8.135, 6;
    %dup/vec4;
    %pushi/vec4 112, 0, 7;
    %cmp/u;
    %jmp/1 T_8.136, 6;
    %dup/vec4;
    %pushi/vec4 113, 0, 7;
    %cmp/u;
    %jmp/1 T_8.137, 6;
    %dup/vec4;
    %pushi/vec4 114, 0, 7;
    %cmp/u;
    %jmp/1 T_8.138, 6;
    %dup/vec4;
    %pushi/vec4 115, 0, 7;
    %cmp/u;
    %jmp/1 T_8.139, 6;
    %dup/vec4;
    %pushi/vec4 116, 0, 7;
    %cmp/u;
    %jmp/1 T_8.140, 6;
    %dup/vec4;
    %pushi/vec4 117, 0, 7;
    %cmp/u;
    %jmp/1 T_8.141, 6;
    %dup/vec4;
    %pushi/vec4 118, 0, 7;
    %cmp/u;
    %jmp/1 T_8.142, 6;
    %dup/vec4;
    %pushi/vec4 119, 0, 7;
    %cmp/u;
    %jmp/1 T_8.143, 6;
    %dup/vec4;
    %pushi/vec4 120, 0, 7;
    %cmp/u;
    %jmp/1 T_8.144, 6;
    %dup/vec4;
    %pushi/vec4 121, 0, 7;
    %cmp/u;
    %jmp/1 T_8.145, 6;
    %dup/vec4;
    %pushi/vec4 122, 0, 7;
    %cmp/u;
    %jmp/1 T_8.146, 6;
    %dup/vec4;
    %pushi/vec4 123, 0, 7;
    %cmp/u;
    %jmp/1 T_8.147, 6;
    %dup/vec4;
    %pushi/vec4 124, 0, 7;
    %cmp/u;
    %jmp/1 T_8.148, 6;
    %dup/vec4;
    %pushi/vec4 125, 0, 7;
    %cmp/u;
    %jmp/1 T_8.149, 6;
    %dup/vec4;
    %pushi/vec4 126, 0, 7;
    %cmp/u;
    %jmp/1 T_8.150, 6;
    %dup/vec4;
    %pushi/vec4 127, 0, 7;
    %cmp/u;
    %jmp/1 T_8.151, 6;
    %pushi/vec4 0, 0, 32;
    %store/vec4 v0x5b71b3eae150_0, 0, 32;
    %jmp T_8.153;
T_8.24 ;
    %pushi/vec4 4226549413, 0, 32;
    %store/vec4 v0x5b71b3eae150_0, 0, 32;
    %jmp T_8.153;
T_8.25 ;
    %pushi/vec4 4245292815, 0, 32;
    %store/vec4 v0x5b71b3eae150_0, 0, 32;
    %jmp T_8.153;
T_8.26 ;
    %pushi/vec4 4271441332, 0, 32;
    %store/vec4 v0x5b71b3eae150_0, 0, 32;
    %jmp T_8.153;
T_8.27 ;
    %pushi/vec4 4195551555, 0, 32;
    %store/vec4 v0x5b71b3eae150_0, 0, 32;
    %jmp T_8.153;
T_8.28 ;
    %pushi/vec4 97847586, 0, 32;
    %store/vec4 v0x5b71b3eae150_0, 0, 32;
    %jmp T_8.153;
T_8.29 ;
    %pushi/vec4 93194525, 0, 32;
    %store/vec4 v0x5b71b3eae150_0, 0, 32;
    %jmp T_8.153;
T_8.30 ;
    %pushi/vec4 18809140, 0, 32;
    %store/vec4 v0x5b71b3eae150_0, 0, 32;
    %jmp T_8.153;
T_8.31 ;
    %pushi/vec4 13238380, 0, 32;
    %store/vec4 v0x5b71b3eae150_0, 0, 32;
    %jmp T_8.153;
T_8.32 ;
    %pushi/vec4 4283763491, 0, 32;
    %store/vec4 v0x5b71b3eae150_0, 0, 32;
    %jmp T_8.153;
T_8.33 ;
    %pushi/vec4 40764262, 0, 32;
    %store/vec4 v0x5b71b3eae150_0, 0, 32;
    %jmp T_8.153;
T_8.34 ;
    %pushi/vec4 103351126, 0, 32;
    %store/vec4 v0x5b71b3eae150_0, 0, 32;
    %jmp T_8.153;
T_8.35 ;
    %pushi/vec4 11929062, 0, 32;
    %store/vec4 v0x5b71b3eae150_0, 0, 32;
    %jmp T_8.153;
T_8.36 ;
    %pushi/vec4 63048167, 0, 32;
    %store/vec4 v0x5b71b3eae150_0, 0, 32;
    %jmp T_8.153;
T_8.37 ;
    %pushi/vec4 4216194302, 0, 32;
    %store/vec4 v0x5b71b3eae150_0, 0, 32;
    %jmp T_8.153;
T_8.38 ;
    %pushi/vec4 4198368762, 0, 32;
    %store/vec4 v0x5b71b3eae150_0, 0, 32;
    %jmp T_8.153;
T_8.39 ;
    %pushi/vec4 96208033, 0, 32;
    %store/vec4 v0x5b71b3eae150_0, 0, 32;
    %jmp T_8.153;
T_8.40 ;
    %pushi/vec4 37553787, 0, 32;
    %store/vec4 v0x5b71b3eae150_0, 0, 32;
    %jmp T_8.153;
T_8.41 ;
    %pushi/vec4 4208133283, 0, 32;
    %store/vec4 v0x5b71b3eae150_0, 0, 32;
    %jmp T_8.153;
T_8.42 ;
    %pushi/vec4 17304613, 0, 32;
    %store/vec4 v0x5b71b3eae150_0, 0, 32;
    %jmp T_8.153;
T_8.43 ;
    %pushi/vec4 25101162, 0, 32;
    %store/vec4 v0x5b71b3eae150_0, 0, 32;
    %jmp T_8.153;
T_8.44 ;
    %pushi/vec4 4240639287, 0, 32;
    %store/vec4 v0x5b71b3eae150_0, 0, 32;
    %jmp T_8.153;
T_8.45 ;
    %pushi/vec4 95553599, 0, 32;
    %store/vec4 v0x5b71b3eae150_0, 0, 32;
    %jmp T_8.153;
T_8.46 ;
    %pushi/vec4 4189978760, 0, 32;
    %store/vec4 v0x5b71b3eae150_0, 0, 32;
    %jmp T_8.153;
T_8.47 ;
    %pushi/vec4 4286448831, 0, 32;
    %store/vec4 v0x5b71b3eae150_0, 0, 32;
    %jmp T_8.153;
T_8.48 ;
    %pushi/vec4 4250340225, 0, 32;
    %store/vec4 v0x5b71b3eae150_0, 0, 32;
    %jmp T_8.153;
T_8.49 ;
    %pushi/vec4 66651577, 0, 32;
    %store/vec4 v0x5b71b3eae150_0, 0, 32;
    %jmp T_8.153;
T_8.50 ;
    %pushi/vec4 47973637, 0, 32;
    %store/vec4 v0x5b71b3eae150_0, 0, 32;
    %jmp T_8.153;
T_8.51 ;
    %pushi/vec4 39847895, 0, 32;
    %store/vec4 v0x5b71b3eae150_0, 0, 32;
    %jmp T_8.153;
T_8.52 ;
    %pushi/vec4 4193913503, 0, 32;
    %store/vec4 v0x5b71b3eae150_0, 0, 32;
    %jmp T_8.153;
T_8.53 ;
    %pushi/vec4 26938022, 0, 32;
    %store/vec4 v0x5b71b3eae150_0, 0, 32;
    %jmp T_8.153;
T_8.54 ;
    %pushi/vec4 4281534648, 0, 32;
    %store/vec4 v0x5b71b3eae150_0, 0, 32;
    %jmp T_8.153;
T_8.55 ;
    %pushi/vec4 4192012752, 0, 32;
    %store/vec4 v0x5b71b3eae150_0, 0, 32;
    %jmp T_8.153;
T_8.56 ;
    %pushi/vec4 80150603, 0, 32;
    %store/vec4 v0x5b71b3eae150_0, 0, 32;
    %jmp T_8.153;
T_8.57 ;
    %pushi/vec4 42729628, 0, 32;
    %store/vec4 v0x5b71b3eae150_0, 0, 32;
    %jmp T_8.153;
T_8.58 ;
    %pushi/vec4 4258794424, 0, 32;
    %store/vec4 v0x5b71b3eae150_0, 0, 32;
    %jmp T_8.153;
T_8.59 ;
    %pushi/vec4 66521951, 0, 32;
    %store/vec4 v0x5b71b3eae150_0, 0, 32;
    %jmp T_8.153;
T_8.60 ;
    %pushi/vec4 4210232228, 0, 32;
    %store/vec4 v0x5b71b3eae150_0, 0, 32;
    %jmp T_8.153;
T_8.61 ;
    %pushi/vec4 97715048, 0, 32;
    %store/vec4 v0x5b71b3eae150_0, 0, 32;
    %jmp T_8.153;
T_8.62 ;
    %pushi/vec4 4276488829, 0, 32;
    %store/vec4 v0x5b71b3eae150_0, 0, 32;
    %jmp T_8.153;
T_8.63 ;
    %pushi/vec4 4193781302, 0, 32;
    %store/vec4 v0x5b71b3eae150_0, 0, 32;
    %jmp T_8.153;
T_8.64 ;
    %pushi/vec4 33818786, 0, 32;
    %store/vec4 v0x5b71b3eae150_0, 0, 32;
    %jmp T_8.153;
T_8.65 ;
    %pushi/vec4 4294443610, 0, 32;
    %store/vec4 v0x5b71b3eae150_0, 0, 32;
    %jmp T_8.153;
T_8.66 ;
    %pushi/vec4 4273997622, 0, 32;
    %store/vec4 v0x5b71b3eae150_0, 0, 32;
    %jmp T_8.153;
T_8.67 ;
    %pushi/vec4 4251321097, 0, 32;
    %store/vec4 v0x5b71b3eae150_0, 0, 32;
    %jmp T_8.153;
T_8.68 ;
    %pushi/vec4 4188930195, 0, 32;
    %store/vec4 v0x5b71b3eae150_0, 0, 32;
    %jmp T_8.153;
T_8.69 ;
    %pushi/vec4 4218816634, 0, 32;
    %store/vec4 v0x5b71b3eae150_0, 0, 32;
    %jmp T_8.153;
T_8.70 ;
    %pushi/vec4 8260087, 0, 32;
    %store/vec4 v0x5b71b3eae150_0, 0, 32;
    %jmp T_8.153;
T_8.71 ;
    %pushi/vec4 96272630, 0, 32;
    %store/vec4 v0x5b71b3eae150_0, 0, 32;
    %jmp T_8.153;
T_8.72 ;
    %pushi/vec4 4239066764, 0, 32;
    %store/vec4 v0x5b71b3eae150_0, 0, 32;
    %jmp T_8.153;
T_8.73 ;
    %pushi/vec4 4289070811, 0, 32;
    %store/vec4 v0x5b71b3eae150_0, 0, 32;
    %jmp T_8.153;
T_8.74 ;
    %pushi/vec4 4277207500, 0, 32;
    %store/vec4 v0x5b71b3eae150_0, 0, 32;
    %jmp T_8.153;
T_8.75 ;
    %pushi/vec4 54395171, 0, 32;
    %store/vec4 v0x5b71b3eae150_0, 0, 32;
    %jmp T_8.153;
T_8.76 ;
    %pushi/vec4 7012587, 0, 32;
    %store/vec4 v0x5b71b3eae150_0, 0, 32;
    %jmp T_8.153;
T_8.77 ;
    %pushi/vec4 4201843792, 0, 32;
    %store/vec4 v0x5b71b3eae150_0, 0, 32;
    %jmp T_8.153;
T_8.78 ;
    %pushi/vec4 4278782646, 0, 32;
    %store/vec4 v0x5b71b3eae150_0, 0, 32;
    %jmp T_8.153;
T_8.79 ;
    %pushi/vec4 4232645467, 0, 32;
    %store/vec4 v0x5b71b3eae150_0, 0, 32;
    %jmp T_8.153;
T_8.80 ;
    %pushi/vec4 4268887192, 0, 32;
    %store/vec4 v0x5b71b3eae150_0, 0, 32;
    %jmp T_8.153;
T_8.81 ;
    %pushi/vec4 62981875, 0, 32;
    %store/vec4 v0x5b71b3eae150_0, 0, 32;
    %jmp T_8.153;
T_8.82 ;
    %pushi/vec4 4196141466, 0, 32;
    %store/vec4 v0x5b71b3eae150_0, 0, 32;
    %jmp T_8.153;
T_8.83 ;
    %pushi/vec4 4247454947, 0, 32;
    %store/vec4 v0x5b71b3eae150_0, 0, 32;
    %jmp T_8.153;
T_8.84 ;
    %pushi/vec4 29362614, 0, 32;
    %store/vec4 v0x5b71b3eae150_0, 0, 32;
    %jmp T_8.153;
T_8.85 ;
    %pushi/vec4 4225174230, 0, 32;
    %store/vec4 v0x5b71b3eae150_0, 0, 32;
    %jmp T_8.153;
T_8.86 ;
    %pushi/vec4 44370771, 0, 32;
    %store/vec4 v0x5b71b3eae150_0, 0, 32;
    %jmp T_8.153;
T_8.87 ;
    %pushi/vec4 4211409999, 0, 32;
    %store/vec4 v0x5b71b3eae150_0, 0, 32;
    %jmp T_8.153;
T_8.88 ;
    %pushi/vec4 4222682363, 0, 32;
    %store/vec4 v0x5b71b3eae150_0, 0, 32;
    %jmp T_8.153;
T_8.89 ;
    %pushi/vec4 28183132, 0, 32;
    %store/vec4 v0x5b71b3eae150_0, 0, 32;
    %jmp T_8.153;
T_8.90 ;
    %pushi/vec4 36373545, 0, 32;
    %store/vec4 v0x5b71b3eae150_0, 0, 32;
    %jmp T_8.153;
T_8.91 ;
    %pushi/vec4 55249729, 0, 32;
    %store/vec4 v0x5b71b3eae150_0, 0, 32;
    %jmp T_8.153;
T_8.92 ;
    %pushi/vec4 4212982485, 0, 32;
    %store/vec4 v0x5b71b3eae150_0, 0, 32;
    %jmp T_8.153;
T_8.93 ;
    %pushi/vec4 57083364, 0, 32;
    %store/vec4 v0x5b71b3eae150_0, 0, 32;
    %jmp T_8.153;
T_8.94 ;
    %pushi/vec4 101583168, 0, 32;
    %store/vec4 v0x5b71b3eae150_0, 0, 32;
    %jmp T_8.153;
T_8.95 ;
    %pushi/vec4 6881678, 0, 32;
    %store/vec4 v0x5b71b3eae150_0, 0, 32;
    %jmp T_8.153;
T_8.96 ;
    %pushi/vec4 27657143, 0, 32;
    %store/vec4 v0x5b71b3eae150_0, 0, 32;
    %jmp T_8.153;
T_8.97 ;
    %pushi/vec4 38469879, 0, 32;
    %store/vec4 v0x5b71b3eae150_0, 0, 32;
    %jmp T_8.153;
T_8.98 ;
    %pushi/vec4 11601293, 0, 32;
    %store/vec4 v0x5b71b3eae150_0, 0, 32;
    %jmp T_8.153;
T_8.99 ;
    %pushi/vec4 4279569558, 0, 32;
    %store/vec4 v0x5b71b3eae150_0, 0, 32;
    %jmp T_8.153;
T_8.100 ;
    %pushi/vec4 4275898819, 0, 32;
    %store/vec4 v0x5b71b3eae150_0, 0, 32;
    %jmp T_8.153;
T_8.101 ;
    %pushi/vec4 4264821007, 0, 32;
    %store/vec4 v0x5b71b3eae150_0, 0, 32;
    %jmp T_8.153;
T_8.102 ;
    %pushi/vec4 103153754, 0, 32;
    %store/vec4 v0x5b71b3eae150_0, 0, 32;
    %jmp T_8.153;
T_8.103 ;
    %pushi/vec4 108331861, 0, 32;
    %store/vec4 v0x5b71b3eae150_0, 0, 32;
    %jmp T_8.153;
T_8.104 ;
    %pushi/vec4 4278847300, 0, 32;
    %store/vec4 v0x5b71b3eae150_0, 0, 32;
    %jmp T_8.153;
T_8.105 ;
    %pushi/vec4 50990211, 0, 32;
    %store/vec4 v0x5b71b3eae150_0, 0, 32;
    %jmp T_8.153;
T_8.106 ;
    %pushi/vec4 75957386, 0, 32;
    %store/vec4 v0x5b71b3eae150_0, 0, 32;
    %jmp T_8.153;
T_8.107 ;
    %pushi/vec4 4285335122, 0, 32;
    %store/vec4 v0x5b71b3eae150_0, 0, 32;
    %jmp T_8.153;
T_8.108 ;
    %pushi/vec4 4244046490, 0, 32;
    %store/vec4 v0x5b71b3eae150_0, 0, 32;
    %jmp T_8.153;
T_8.109 ;
    %pushi/vec4 97190208, 0, 32;
    %store/vec4 v0x5b71b3eae150_0, 0, 32;
    %jmp T_8.153;
T_8.110 ;
    %pushi/vec4 4255514632, 0, 32;
    %store/vec4 v0x5b71b3eae150_0, 0, 32;
    %jmp T_8.153;
T_8.111 ;
    %pushi/vec4 73337597, 0, 32;
    %store/vec4 v0x5b71b3eae150_0, 0, 32;
    %jmp T_8.153;
T_8.112 ;
    %pushi/vec4 4190766600, 0, 32;
    %store/vec4 v0x5b71b3eae150_0, 0, 32;
    %jmp T_8.153;
T_8.113 ;
    %pushi/vec4 42205466, 0, 32;
    %store/vec4 v0x5b71b3eae150_0, 0, 32;
    %jmp T_8.153;
T_8.114 ;
    %pushi/vec4 4237821742, 0, 32;
    %store/vec4 v0x5b71b3eae150_0, 0, 32;
    %jmp T_8.153;
T_8.115 ;
    %pushi/vec4 22873357, 0, 32;
    %store/vec4 v0x5b71b3eae150_0, 0, 32;
    %jmp T_8.153;
T_8.116 ;
    %pushi/vec4 27396362, 0, 32;
    %store/vec4 v0x5b71b3eae150_0, 0, 32;
    %jmp T_8.153;
T_8.117 ;
    %pushi/vec4 21561896, 0, 32;
    %store/vec4 v0x5b71b3eae150_0, 0, 32;
    %jmp T_8.153;
T_8.118 ;
    %pushi/vec4 4284746357, 0, 32;
    %store/vec4 v0x5b71b3eae150_0, 0, 32;
    %jmp T_8.153;
T_8.119 ;
    %pushi/vec4 4290054202, 0, 32;
    %store/vec4 v0x5b71b3eae150_0, 0, 32;
    %jmp T_8.153;
T_8.120 ;
    %pushi/vec4 53544483, 0, 32;
    %store/vec4 v0x5b71b3eae150_0, 0, 32;
    %jmp T_8.153;
T_8.121 ;
    %pushi/vec4 71893197, 0, 32;
    %store/vec4 v0x5b71b3eae150_0, 0, 32;
    %jmp T_8.153;
T_8.122 ;
    %pushi/vec4 39521126, 0, 32;
    %store/vec4 v0x5b71b3eae150_0, 0, 32;
    %jmp T_8.153;
T_8.123 ;
    %pushi/vec4 39978502, 0, 32;
    %store/vec4 v0x5b71b3eae150_0, 0, 32;
    %jmp T_8.153;
T_8.124 ;
    %pushi/vec4 86641313, 0, 32;
    %store/vec4 v0x5b71b3eae150_0, 0, 32;
    %jmp T_8.153;
T_8.125 ;
    %pushi/vec4 4210756133, 0, 32;
    %store/vec4 v0x5b71b3eae150_0, 0, 32;
    %jmp T_8.153;
T_8.126 ;
    %pushi/vec4 4198959368, 0, 32;
    %store/vec4 v0x5b71b3eae150_0, 0, 32;
    %jmp T_8.153;
T_8.127 ;
    %pushi/vec4 25166505, 0, 32;
    %store/vec4 v0x5b71b3eae150_0, 0, 32;
    %jmp T_8.153;
T_8.128 ;
    %pushi/vec4 4215341186, 0, 32;
    %store/vec4 v0x5b71b3eae150_0, 0, 32;
    %jmp T_8.153;
T_8.129 ;
    %pushi/vec4 4286056002, 0, 32;
    %store/vec4 v0x5b71b3eae150_0, 0, 32;
    %jmp T_8.153;
T_8.130 ;
    %pushi/vec4 79824719, 0, 32;
    %store/vec4 v0x5b71b3eae150_0, 0, 32;
    %jmp T_8.153;
T_8.131 ;
    %pushi/vec4 4207477565, 0, 32;
    %store/vec4 v0x5b71b3eae150_0, 0, 32;
    %jmp T_8.153;
T_8.132 ;
    %pushi/vec4 4237691778, 0, 32;
    %store/vec4 v0x5b71b3eae150_0, 0, 32;
    %jmp T_8.153;
T_8.133 ;
    %pushi/vec4 14420985, 0, 32;
    %store/vec4 v0x5b71b3eae150_0, 0, 32;
    %jmp T_8.153;
T_8.134 ;
    %pushi/vec4 4217177389, 0, 32;
    %store/vec4 v0x5b71b3eae150_0, 0, 32;
    %jmp T_8.153;
T_8.135 ;
    %pushi/vec4 4186245828, 0, 32;
    %store/vec4 v0x5b71b3eae150_0, 0, 32;
    %jmp T_8.153;
T_8.136 ;
    %pushi/vec4 4217308997, 0, 32;
    %store/vec4 v0x5b71b3eae150_0, 0, 32;
    %jmp T_8.153;
T_8.137 ;
    %pushi/vec4 4194698690, 0, 32;
    %store/vec4 v0x5b71b3eae150_0, 0, 32;
    %jmp T_8.153;
T_8.138 ;
    %pushi/vec4 4211213490, 0, 32;
    %store/vec4 v0x5b71b3eae150_0, 0, 32;
    %jmp T_8.153;
T_8.139 ;
    %pushi/vec4 52037951, 0, 32;
    %store/vec4 v0x5b71b3eae150_0, 0, 32;
    %jmp T_8.153;
T_8.140 ;
    %pushi/vec4 4196011083, 0, 32;
    %store/vec4 v0x5b71b3eae150_0, 0, 32;
    %jmp T_8.153;
T_8.141 ;
    %pushi/vec4 4239001304, 0, 32;
    %store/vec4 v0x5b71b3eae150_0, 0, 32;
    %jmp T_8.153;
T_8.142 ;
    %pushi/vec4 4237953683, 0, 32;
    %store/vec4 v0x5b71b3eae150_0, 0, 32;
    %jmp T_8.153;
T_8.143 ;
    %pushi/vec4 31326379, 0, 32;
    %store/vec4 v0x5b71b3eae150_0, 0, 32;
    %jmp T_8.153;
T_8.144 ;
    %pushi/vec4 4287892535, 0, 32;
    %store/vec4 v0x5b71b3eae150_0, 0, 32;
    %jmp T_8.153;
T_8.145 ;
    %pushi/vec4 4274785250, 0, 32;
    %store/vec4 v0x5b71b3eae150_0, 0, 32;
    %jmp T_8.153;
T_8.146 ;
    %pushi/vec4 65275763, 0, 32;
    %store/vec4 v0x5b71b3eae150_0, 0, 32;
    %jmp T_8.153;
T_8.147 ;
    %pushi/vec4 64948012, 0, 32;
    %store/vec4 v0x5b71b3eae150_0, 0, 32;
    %jmp T_8.153;
T_8.148 ;
    %pushi/vec4 62785005, 0, 32;
    %store/vec4 v0x5b71b3eae150_0, 0, 32;
    %jmp T_8.153;
T_8.149 ;
    %pushi/vec4 4199285095, 0, 32;
    %store/vec4 v0x5b71b3eae150_0, 0, 32;
    %jmp T_8.153;
T_8.150 ;
    %pushi/vec4 99746550, 0, 32;
    %store/vec4 v0x5b71b3eae150_0, 0, 32;
    %jmp T_8.153;
T_8.151 ;
    %pushi/vec4 106694049, 0, 32;
    %store/vec4 v0x5b71b3eae150_0, 0, 32;
    %jmp T_8.153;
T_8.153 ;
    %pop/vec4 1;
    %load/vec4 v0x5b71b3eae150_0;
    %ret/vec4 0, 0, 32;  Assign to ntt_twiddle_entry (store_vec4_to_lval)
    %end;
S_0x5b71b3eae210 .scope function.vec4.s12, "ntt_twiddle_u" "ntt_twiddle_u" 12 249, 12 249 0, S_0x5b71b3eab260;
 .timescale -9 -12;
v0x5b71b3eae3f0_0 .var "addr", 6 0;
v0x5b71b3eae4f0_0 .var "is_inv", 0 0;
; Variable ntt_twiddle_u is vec4 return value of scope S_0x5b71b3eae210
v0x5b71b3eae6a0_0 .var/s "tmp", 31 0;
v0x5b71b3eae780_0 .var/s "tw16", 15 0;
v0x5b71b3eae8b0_0 .var "tw_u", 11 0;
v0x5b71b3eae990_0 .var "tw_u16", 15 0;
TD_tb_ntt_core_top_auto.dut.u_rom.ntt_twiddle_u ;
    %load/vec4 v0x5b71b3eae3f0_0;
    %store/vec4 v0x5b71b3eadf70_0, 0, 7;
    %callf/vec4 TD_tb_ntt_core_top_auto.dut.u_rom.ntt_twiddle_entry, S_0x5b71b3eadd90;
    %store/vec4 v0x5b71b3eae6a0_0, 0, 32;
    %load/vec4 v0x5b71b3eae4f0_0;
    %flag_set/vec4 8;
    %jmp/0xz  T_9.154, 8;
    %load/vec4 v0x5b71b3eae6a0_0;
    %parti/s 16, 0, 2;
    %store/vec4 v0x5b71b3eae780_0, 0, 16;
    %jmp T_9.155;
T_9.154 ;
    %load/vec4 v0x5b71b3eae6a0_0;
    %parti/s 16, 16, 6;
    %store/vec4 v0x5b71b3eae780_0, 0, 16;
T_9.155 ;
    %load/vec4 v0x5b71b3eae780_0;
    %parti/s 1, 15, 5;
    %flag_set/vec4 8;
    %jmp/0 T_9.156, 8;
    %load/vec4 v0x5b71b3eae780_0;
    %addi 3329, 0, 16;
    %jmp/1 T_9.157, 8;
T_9.156 ; End of true expr.
    %load/vec4 v0x5b71b3eae780_0;
    %jmp/0 T_9.157, 8;
 ; End of false expr.
    %blend;
T_9.157;
    %store/vec4 v0x5b71b3eae990_0, 0, 16;
    %load/vec4 v0x5b71b3eae990_0;
    %parti/s 12, 0, 2;
    %store/vec4 v0x5b71b3eae8b0_0, 0, 12;
    %load/vec4 v0x5b71b3eae8b0_0;
    %ret/vec4 0, 0, 12;  Assign to ntt_twiddle_u (store_vec4_to_lval)
    %end;
S_0x5b71b3eb0e40 .scope task, "load_input_mem" "load_input_mem" 3 59, 3 59 0, S_0x5b71b3e7b160;
 .timescale -9 -12;
TD_tb_ntt_core_top_auto.load_input_mem ;
    %pushi/vec4 0, 0, 32;
    %store/vec4 v0x5b71b3eb1bb0_0, 0, 32;
T_10.158 ;
    %load/vec4 v0x5b71b3eb1bb0_0;
    %cmpi/s 256, 0, 32;
    %jmp/0xz T_10.159, 5;
    %wait E_0x5b71b3dd9e10;
    %pushi/vec4 1, 0, 1;
    %store/vec4 v0x5b71b3eb1a40_0, 0, 1;
    %load/vec4 v0x5b71b3eb1bb0_0;
    %parti/s 8, 0, 2;
    %store/vec4 v0x5b71b3eb17e0_0, 0, 8;
    %ix/getv/s 4, v0x5b71b3eb1bb0_0;
    %load/vec4a v0x5b71b3eb2260, 4;
    %store/vec4 v0x5b71b3eb18a0_0, 0, 12;
    %load/vec4 v0x5b71b3eb1bb0_0;
    %addi 1, 0, 32;
    %store/vec4 v0x5b71b3eb1bb0_0, 0, 32;
    %jmp T_10.158;
T_10.159 ;
    %wait E_0x5b71b3dd9e10;
    %pushi/vec4 0, 0, 1;
    %store/vec4 v0x5b71b3eb1a40_0, 0, 1;
    %pushi/vec4 0, 0, 8;
    %store/vec4 v0x5b71b3eb17e0_0, 0, 8;
    %pushi/vec4 0, 0, 12;
    %store/vec4 v0x5b71b3eb18a0_0, 0, 12;
    %end;
S_0x5b71b3eb1020 .scope task, "start_core" "start_core" 3 74, 3 74 0, S_0x5b71b3e7b160;
 .timescale -9 -12;
TD_tb_ntt_core_top_auto.start_core ;
    %wait E_0x5b71b3dd9e10;
    %load/vec4 v0x5b71b3eb1e10_0;
    %parti/s 1, 0, 2;
    %store/vec4 v0x5b71b3eb1d70_0, 0, 1;
    %pushi/vec4 1, 0, 1;
    %store/vec4 v0x5b71b3eb2020_0, 0, 1;
    %wait E_0x5b71b3dd9e10;
    %pushi/vec4 0, 0, 1;
    %store/vec4 v0x5b71b3eb2020_0, 0, 1;
    %end;
S_0x5b71b3eb1250 .scope task, "wait_done_or_timeout" "wait_done_or_timeout" 3 84, 3 84 0, S_0x5b71b3e7b160;
 .timescale -9 -12;
TD_tb_ntt_core_top_auto.wait_done_or_timeout ;
    %pushi/vec4 0, 0, 32;
    %store/vec4 v0x5b71b3eb20c0_0, 0, 32;
T_12.160 ;
    %load/vec4 v0x5b71b3eb1590_0;
    %nor/r;
    %flag_set/vec4 9;
    %flag_get/vec4 9;
    %jmp/0 T_12.162, 9;
    %load/vec4 v0x5b71b3eb20c0_0;
    %cmpi/s 200000, 0, 32;
    %flag_get/vec4 5;
    %and;
T_12.162;
    %flag_set/vec4 8;
    %jmp/0xz T_12.161, 8;
    %wait E_0x5b71b3dda280;
    %load/vec4 v0x5b71b3eb20c0_0;
    %addi 1, 0, 32;
    %store/vec4 v0x5b71b3eb20c0_0, 0, 32;
    %jmp T_12.160;
T_12.161 ;
    %load/vec4 v0x5b71b3eb1590_0;
    %nor/r;
    %flag_set/vec4 8;
    %jmp/0xz  T_12.163, 8;
    %vpi_call/w 3 93 "$display", "[FAIL] Timeout waiting done. mode=%0d busy=%0d", v0x5b71b3eb1e10_0, v0x5b71b3eb1430_0 {0 0 0};
    %vpi_call/w 3 94 "$finish" {0 0 0};
T_12.163 ;
    %end;
    .scope S_0x5b71b3ea91d0;
T_13 ;
    %wait E_0x5b71b3dd97a0;
    %load/vec4 v0x5b71b3ea9b40_0;
    %nor/r;
    %flag_set/vec4 8;
    %jmp/0xz  T_13.0, 8;
    %pushi/vec4 0, 0, 2;
    %assign/vec4 v0x5b71b3ea9c80_0, 0;
    %pushi/vec4 0, 0, 1;
    %assign/vec4 v0x5b71b3ea95a0_0, 0;
    %pushi/vec4 0, 0, 1;
    %assign/vec4 v0x5b71b3ea9800_0, 0;
    %pushi/vec4 0, 0, 8;
    %assign/vec4 v0x5b71b3ea98f0_0, 0;
    %pushi/vec4 0, 0, 8;
    %assign/vec4 v0x5b71b3ea9a50_0, 0;
    %pushi/vec4 0, 0, 8;
    %assign/vec4 v0x5b71b3ea9d60_0, 0;
    %pushi/vec4 0, 0, 8;
    %assign/vec4 v0x5b71b3ea9760_0, 0;
    %jmp T_13.1;
T_13.0 ;
    %pushi/vec4 0, 0, 1;
    %assign/vec4 v0x5b71b3ea9800_0, 0;
    %load/vec4 v0x5b71b3ea9c80_0;
    %dup/vec4;
    %pushi/vec4 0, 0, 2;
    %cmp/u;
    %jmp/1 T_13.2, 6;
    %dup/vec4;
    %pushi/vec4 1, 0, 2;
    %cmp/u;
    %jmp/1 T_13.3, 6;
    %dup/vec4;
    %pushi/vec4 2, 0, 2;
    %cmp/u;
    %jmp/1 T_13.4, 6;
    %pushi/vec4 0, 0, 2;
    %assign/vec4 v0x5b71b3ea9c80_0, 0;
    %jmp T_13.6;
T_13.2 ;
    %pushi/vec4 0, 0, 1;
    %assign/vec4 v0x5b71b3ea95a0_0, 0;
    %load/vec4 v0x5b71b3ea9be0_0;
    %flag_set/vec4 8;
    %jmp/0xz  T_13.7, 8;
    %pushi/vec4 1, 0, 1;
    %assign/vec4 v0x5b71b3ea95a0_0, 0;
    %pushi/vec4 1, 0, 2;
    %assign/vec4 v0x5b71b3ea9c80_0, 0;
    %load/vec4 v0x5b71b3ea99b0_0;
    %flag_set/vec4 8;
    %jmp/0 T_13.9, 8;
    %pushi/vec4 2, 0, 8;
    %jmp/1 T_13.10, 8;
T_13.9 ; End of true expr.
    %pushi/vec4 128, 0, 8;
    %jmp/0 T_13.10, 8;
 ; End of false expr.
    %blend;
T_13.10;
    %assign/vec4 v0x5b71b3ea98f0_0, 0;
    %load/vec4 v0x5b71b3ea99b0_0;
    %flag_set/vec4 8;
    %jmp/0 T_13.11, 8;
    %pushi/vec4 0, 0, 8;
    %jmp/1 T_13.12, 8;
T_13.11 ; End of true expr.
    %pushi/vec4 1, 0, 8;
    %jmp/0 T_13.12, 8;
 ; End of false expr.
    %blend;
T_13.12;
    %assign/vec4 v0x5b71b3ea9d60_0, 0;
    %pushi/vec4 0, 0, 8;
    %assign/vec4 v0x5b71b3ea9a50_0, 0;
    %pushi/vec4 0, 0, 8;
    %assign/vec4 v0x5b71b3ea9760_0, 0;
T_13.7 ;
    %jmp T_13.6;
T_13.3 ;
    %load/vec4 v0x5b71b3ea94e0_0;
    %flag_set/vec4 8;
    %jmp/0xz  T_13.13, 8;
    %load/vec4 v0x5b71b3ea9a50_0;
    %load/vec4 v0x5b71b3ea98f0_0;
    %subi 1, 0, 8;
    %cmp/e;
    %jmp/0xz  T_13.15, 4;
    %pushi/vec4 0, 0, 8;
    %assign/vec4 v0x5b71b3ea9a50_0, 0;
    %load/vec4 v0x5b71b3ea9d60_0;
    %addi 1, 0, 8;
    %assign/vec4 v0x5b71b3ea9d60_0, 0;
    %jmp T_13.16;
T_13.15 ;
    %load/vec4 v0x5b71b3ea9a50_0;
    %addi 1, 0, 8;
    %assign/vec4 v0x5b71b3ea9a50_0, 0;
T_13.16 ;
    %load/vec4 v0x5b71b3ea9760_0;
    %cmpi/e 127, 0, 8;
    %jmp/0xz  T_13.17, 4;
    %pushi/vec4 0, 0, 8;
    %assign/vec4 v0x5b71b3ea9760_0, 0;
    %pushi/vec4 0, 0, 8;
    %assign/vec4 v0x5b71b3ea9a50_0, 0;
    %load/vec4 v0x5b71b3ea99b0_0;
    %nor/r;
    %flag_set/vec4 8;
    %jmp/0xz  T_13.19, 8;
    %load/vec4 v0x5b71b3ea98f0_0;
    %cmpi/e 2, 0, 8;
    %jmp/0xz  T_13.21, 4;
    %pushi/vec4 1, 0, 1;
    %assign/vec4 v0x5b71b3ea9800_0, 0;
    %pushi/vec4 0, 0, 1;
    %assign/vec4 v0x5b71b3ea95a0_0, 0;
    %pushi/vec4 0, 0, 2;
    %assign/vec4 v0x5b71b3ea9c80_0, 0;
    %jmp T_13.22;
T_13.21 ;
    %load/vec4 v0x5b71b3ea98f0_0;
    %ix/load 4, 1, 0;
    %flag_set/imm 4, 0;
    %shiftr 4;
    %assign/vec4 v0x5b71b3ea98f0_0, 0;
T_13.22 ;
    %jmp T_13.20;
T_13.19 ;
    %load/vec4 v0x5b71b3ea98f0_0;
    %cmpi/e 128, 0, 8;
    %jmp/0xz  T_13.23, 4;
    %pushi/vec4 2, 0, 2;
    %assign/vec4 v0x5b71b3ea9c80_0, 0;
    %jmp T_13.24;
T_13.23 ;
    %load/vec4 v0x5b71b3ea98f0_0;
    %ix/load 4, 1, 0;
    %flag_set/imm 4, 0;
    %shiftl 4;
    %assign/vec4 v0x5b71b3ea98f0_0, 0;
T_13.24 ;
T_13.20 ;
    %jmp T_13.18;
T_13.17 ;
    %load/vec4 v0x5b71b3ea9760_0;
    %addi 1, 0, 8;
    %assign/vec4 v0x5b71b3ea9760_0, 0;
T_13.18 ;
T_13.13 ;
    %jmp T_13.6;
T_13.4 ;
    %load/vec4 v0x5b71b3ea94e0_0;
    %flag_set/vec4 8;
    %jmp/0xz  T_13.25, 8;
    %load/vec4 v0x5b71b3ea9760_0;
    %cmpi/e 255, 0, 8;
    %jmp/0xz  T_13.27, 4;
    %pushi/vec4 1, 0, 1;
    %assign/vec4 v0x5b71b3ea9800_0, 0;
    %pushi/vec4 0, 0, 1;
    %assign/vec4 v0x5b71b3ea95a0_0, 0;
    %pushi/vec4 0, 0, 2;
    %assign/vec4 v0x5b71b3ea9c80_0, 0;
    %jmp T_13.28;
T_13.27 ;
    %load/vec4 v0x5b71b3ea9760_0;
    %addi 1, 0, 8;
    %assign/vec4 v0x5b71b3ea9760_0, 0;
T_13.28 ;
T_13.25 ;
    %jmp T_13.6;
T_13.6 ;
    %pop/vec4 1;
T_13.1 ;
    %jmp T_13;
    .thread T_13;
    .scope S_0x5b71b3e6a1e0;
T_14 ;
    %wait E_0x5b71b3dd97a0;
    %load/vec4 v0x5b71b3e79590_0;
    %nor/r;
    %flag_set/vec4 8;
    %jmp/0xz  T_14.0, 8;
    %pushi/vec4 0, 0, 8;
    %assign/vec4 v0x5b71b3e6a6b0_0, 0;
    %pushi/vec4 0, 0, 8;
    %assign/vec4 v0x5b71b3e6ab70_0, 0;
    %jmp T_14.1;
T_14.0 ;
    %load/vec4 v0x5b71b3e92dd0_0;
    %flag_set/vec4 8;
    %jmp/0xz  T_14.2, 8;
    %load/vec4 v0x5b71b3e6af00_0;
    %load/vec4 v0x5b71b3e3c4a0_0;
    %ix/load 4, 1, 0;
    %flag_set/imm 4, 0;
    %shiftl 4;
    %mul;
    %load/vec4 v0x5b71b3e794f0_0;
    %add;
    %assign/vec4 v0x5b71b3e6a6b0_0, 0;
    %load/vec4 v0x5b71b3e6af00_0;
    %load/vec4 v0x5b71b3e3c4a0_0;
    %ix/load 4, 1, 0;
    %flag_set/imm 4, 0;
    %shiftl 4;
    %mul;
    %load/vec4 v0x5b71b3e794f0_0;
    %add;
    %load/vec4 v0x5b71b3e3c4a0_0;
    %add;
    %assign/vec4 v0x5b71b3e6ab70_0, 0;
T_14.2 ;
T_14.1 ;
    %jmp T_14;
    .thread T_14;
    .scope S_0x5b71b3ea9f80;
T_15 ;
    %wait E_0x5b71b3dda280;
    %load/vec4 v0x5b71b3eab0a0_0;
    %flag_set/vec4 8;
    %jmp/0xz  T_15.0, 8;
    %load/vec4 v0x5b71b3eaad60_0;
    %load/vec4 v0x5b71b3eaab70_0;
    %pad/u 10;
    %ix/vec4 3;
    %ix/load 4, 0, 0; Constant delay
    %assign/vec4/a/d v0x5b71b3eab000, 0, 4;
T_15.0 ;
    %jmp T_15;
    .thread T_15;
    .scope S_0x5b71b3e94de0;
T_16 ;
    %wait E_0x5b71b3dda280;
    %load/vec4 v0x5b71b3e97740_0;
    %assign/vec4 v0x5b71b3ea7a10_0, 0;
    %jmp T_16;
    .thread T_16;
    .scope S_0x5b71b3e94de0;
T_17 ;
    %wait E_0x5b71b3dda280;
    %load/vec4 v0x5b71b3e96de0_0;
    %assign/vec4 v0x5b71b3e96ec0_0, 0;
    %load/vec4 v0x5b71b3ea7a10_0;
    %assign/vec4 v0x5b71b3ea7af0_0, 0;
    %jmp T_17;
    .thread T_17;
    .scope S_0x5b71b3e94de0;
T_18 ;
    %wait E_0x5b71b3dda280;
    %load/vec4 v0x5b71b3ea7850_0;
    %assign/vec4 v0x5b71b3ea7930_0, 0;
    %jmp T_18;
    .thread T_18;
    .scope S_0x5b71b3e94de0;
T_19 ;
    %wait E_0x5b71b3dda280;
    %load/vec4 v0x5b71b3e974c0_0;
    %assign/vec4 v0x5b71b3e97400_0, 0;
    %jmp T_19;
    .thread T_19;
    .scope S_0x5b71b3e92fe0;
T_20 ;
    %wait E_0x5b71b3dda280;
    %load/vec4 v0x5b71b3ea7d60_0;
    %assign/vec4 v0x5b71b3ea7e60_0, 0;
    %load/vec4 v0x5b71b3ea8350_0;
    %assign/vec4 v0x5b71b3ea8410_0, 0;
    %load/vec4 v0x5b71b3ea8eb0_0;
    %assign/vec4 v0x5b71b3ea8f90_0, 0;
    %load/vec4 v0x5b71b3ea8d30_0;
    %assign/vec4 v0x5b71b3ea8990_0, 0;
    %jmp T_20;
    .thread T_20;
    .scope S_0x5b71b3e92fe0;
T_21 ;
    %wait E_0x5b71b3dda280;
    %load/vec4 v0x5b71b3ea7e60_0;
    %assign/vec4 v0x5b71b3ea7f40_0, 0;
    %load/vec4 v0x5b71b3ea8990_0;
    %assign/vec4 v0x5b71b3ea8a30_0, 0;
    %load/vec4 v0x5b71b3ea7f40_0;
    %assign/vec4 v0x5b71b3ea8000_0, 0;
    %load/vec4 v0x5b71b3ea8a30_0;
    %assign/vec4 v0x5b71b3ea8af0_0, 0;
    %load/vec4 v0x5b71b3ea8000_0;
    %assign/vec4 v0x5b71b3ea80e0_0, 0;
    %load/vec4 v0x5b71b3ea8af0_0;
    %assign/vec4 v0x5b71b3ea8bb0_0, 0;
    %load/vec4 v0x5b71b3ea80e0_0;
    %assign/vec4 v0x5b71b3ea81c0_0, 0;
    %load/vec4 v0x5b71b3ea8bb0_0;
    %assign/vec4 v0x5b71b3ea8c70_0, 0;
    %jmp T_21;
    .thread T_21;
    .scope S_0x5b71b3e92fe0;
T_22 ;
    %wait E_0x5b71b3dd97a0;
    %load/vec4 v0x5b71b3ea8850_0;
    %nor/r;
    %flag_set/vec4 8;
    %jmp/0xz  T_22.0, 8;
    %pushi/vec4 0, 0, 1;
    %assign/vec4 v0x5b71b3ea8df0_0, 0;
    %pushi/vec4 0, 0, 12;
    %assign/vec4 v0x5b71b3ea8690_0, 0;
    %pushi/vec4 0, 0, 12;
    %assign/vec4 v0x5b71b3ea8770_0, 0;
    %jmp T_22.1;
T_22.0 ;
    %load/vec4 v0x5b71b3ea8c70_0;
    %assign/vec4 v0x5b71b3ea8df0_0, 0;
    %load/vec4 v0x5b71b3ea8280_0;
    %assign/vec4 v0x5b71b3ea8690_0, 0;
    %load/vec4 v0x5b71b3ea88f0_0;
    %assign/vec4 v0x5b71b3ea8770_0, 0;
T_22.1 ;
    %jmp T_22;
    .thread T_22;
    .scope S_0x5b71b3e68220;
T_23 ;
    %wait E_0x5b71b3dd97a0;
    %load/vec4 v0x5b71b3eb07f0_0;
    %nor/r;
    %flag_set/vec4 8;
    %jmp/0xz  T_23.0, 8;
    %pushi/vec4 0, 0, 3;
    %assign/vec4 v0x5b71b3eb0470_0, 0;
    %pushi/vec4 0, 0, 1;
    %assign/vec4 v0x5b71b3eafff0_0, 0;
    %pushi/vec4 0, 0, 8;
    %assign/vec4 v0x5b71b3eb00b0_0, 0;
    %pushi/vec4 0, 0, 12;
    %assign/vec4 v0x5b71b3eb0190_0, 0;
    %pushi/vec4 0, 0, 1;
    %assign/vec4 v0x5b71b3eaef30_0, 0;
    %pushi/vec4 0, 0, 1;
    %assign/vec4 v0x5b71b3eaf1c0_0, 0;
    %jmp T_23.1;
T_23.0 ;
    %pushi/vec4 0, 0, 1;
    %assign/vec4 v0x5b71b3eafff0_0, 0;
    %pushi/vec4 0, 0, 1;
    %assign/vec4 v0x5b71b3eaef30_0, 0;
    %pushi/vec4 0, 0, 1;
    %assign/vec4 v0x5b71b3eaf1c0_0, 0;
    %load/vec4 v0x5b71b3eb0470_0;
    %dup/vec4;
    %pushi/vec4 0, 0, 3;
    %cmp/u;
    %jmp/1 T_23.2, 6;
    %dup/vec4;
    %pushi/vec4 1, 0, 3;
    %cmp/u;
    %jmp/1 T_23.3, 6;
    %dup/vec4;
    %pushi/vec4 2, 0, 3;
    %cmp/u;
    %jmp/1 T_23.4, 6;
    %dup/vec4;
    %pushi/vec4 3, 0, 3;
    %cmp/u;
    %jmp/1 T_23.5, 6;
    %dup/vec4;
    %pushi/vec4 5, 0, 3;
    %cmp/u;
    %jmp/1 T_23.6, 6;
    %pushi/vec4 0, 0, 3;
    %assign/vec4 v0x5b71b3eb0470_0, 0;
    %jmp T_23.8;
T_23.2 ;
    %load/vec4 v0x5b71b3eaf9c0_0;
    %flag_set/vec4 8;
    %jmp/0xz  T_23.9, 8;
    %pushi/vec4 1, 0, 3;
    %assign/vec4 v0x5b71b3eb0470_0, 0;
T_23.9 ;
    %jmp T_23.8;
T_23.3 ;
    %pushi/vec4 2, 0, 3;
    %assign/vec4 v0x5b71b3eb0470_0, 0;
    %jmp T_23.8;
T_23.4 ;
    %pushi/vec4 1, 0, 1;
    %assign/vec4 v0x5b71b3eaf1c0_0, 0;
    %pushi/vec4 3, 0, 3;
    %assign/vec4 v0x5b71b3eb0470_0, 0;
    %jmp T_23.8;
T_23.5 ;
    %load/vec4 v0x5b71b3eaf290_0;
    %flag_set/vec4 8;
    %jmp/0xz  T_23.11, 8;
    %pushi/vec4 1, 0, 1;
    %assign/vec4 v0x5b71b3eafff0_0, 0;
    %load/vec4 v0x5b71b3eaed50_0;
    %assign/vec4 v0x5b71b3eb00b0_0, 0;
    %load/vec4 v0x5b71b3eaf000_0;
    %assign/vec4 v0x5b71b3eb0190_0, 0;
    %pushi/vec4 5, 0, 3;
    %assign/vec4 v0x5b71b3eb0470_0, 0;
T_23.11 ;
    %jmp T_23.8;
T_23.6 ;
    %pushi/vec4 1, 0, 1;
    %assign/vec4 v0x5b71b3eafff0_0, 0;
    %load/vec4 v0x5b71b3eaee40_0;
    %assign/vec4 v0x5b71b3eb00b0_0, 0;
    %load/vec4 v0x5b71b3eaf0d0_0;
    %assign/vec4 v0x5b71b3eb0190_0, 0;
    %pushi/vec4 1, 0, 1;
    %assign/vec4 v0x5b71b3eaef30_0, 0;
    %pushi/vec4 0, 0, 3;
    %assign/vec4 v0x5b71b3eb0470_0, 0;
    %jmp T_23.8;
T_23.8 ;
    %pop/vec4 1;
T_23.1 ;
    %jmp T_23;
    .thread T_23;
    .scope S_0x5b71b3e7b160;
T_24 ;
    %pushi/vec4 0, 0, 1;
    %store/vec4 v0x5b71b3eb14f0_0, 0, 1;
    %end;
    .thread T_24, $init;
    .scope S_0x5b71b3e7b160;
T_25 ;
    %delay 5000, 0;
    %load/vec4 v0x5b71b3eb14f0_0;
    %inv;
    %store/vec4 v0x5b71b3eb14f0_0, 0, 1;
    %jmp T_25;
    .thread T_25;
    .scope S_0x5b71b3e7b160;
T_26 ;
    %vpi_func 3 123 "$value$plusargs" 32, "MODE=%d", v0x5b71b3eb1e10_0 {0 0 0};
    %nor/r;
    %flag_set/vec4 8;
    %jmp/0xz  T_26.0, 8;
    %pushi/vec4 0, 0, 32;
    %store/vec4 v0x5b71b3eb1e10_0, 0, 32;
T_26.0 ;
    %vpi_func 3 126 "$value$plusargs" 32, "IN_MEM=%s", v0x5b71b3eb1c90_0 {0 0 0};
    %nor/r;
    %flag_set/vec4 8;
    %jmp/0xz  T_26.2, 8;
    %pushi/vec4 0, 0, 32; draw_string_vec4
    %pushi/vec4 0, 0, 32; draw_string_vec4
    %concat/vec4; draw_string_vec4
    %pushi/vec4 0, 0, 32; draw_string_vec4
    %concat/vec4; draw_string_vec4
    %pushi/vec4 0, 0, 32; draw_string_vec4
    %concat/vec4; draw_string_vec4
    %pushi/vec4 0, 0, 32; draw_string_vec4
    %concat/vec4; draw_string_vec4
    %pushi/vec4 0, 0, 32; draw_string_vec4
    %concat/vec4; draw_string_vec4
    %pushi/vec4 0, 0, 32; draw_string_vec4
    %concat/vec4; draw_string_vec4
    %pushi/vec4 0, 0, 32; draw_string_vec4
    %concat/vec4; draw_string_vec4
    %pushi/vec4 0, 0, 32; draw_string_vec4
    %concat/vec4; draw_string_vec4
    %pushi/vec4 0, 0, 32; draw_string_vec4
    %concat/vec4; draw_string_vec4
    %pushi/vec4 0, 0, 32; draw_string_vec4
    %concat/vec4; draw_string_vec4
    %pushi/vec4 0, 0, 32; draw_string_vec4
    %concat/vec4; draw_string_vec4
    %pushi/vec4 0, 0, 32; draw_string_vec4
    %concat/vec4; draw_string_vec4
    %pushi/vec4 0, 0, 32; draw_string_vec4
    %concat/vec4; draw_string_vec4
    %pushi/vec4 0, 0, 32; draw_string_vec4
    %concat/vec4; draw_string_vec4
    %pushi/vec4 0, 0, 32; draw_string_vec4
    %concat/vec4; draw_string_vec4
    %pushi/vec4 0, 0, 32; draw_string_vec4
    %concat/vec4; draw_string_vec4
    %pushi/vec4 0, 0, 32; draw_string_vec4
    %concat/vec4; draw_string_vec4
    %pushi/vec4 0, 0, 32; draw_string_vec4
    %concat/vec4; draw_string_vec4
    %pushi/vec4 0, 0, 32; draw_string_vec4
    %concat/vec4; draw_string_vec4
    %pushi/vec4 0, 0, 32; draw_string_vec4
    %concat/vec4; draw_string_vec4
    %pushi/vec4 0, 0, 32; draw_string_vec4
    %concat/vec4; draw_string_vec4
    %pushi/vec4 115, 0, 32; draw_string_vec4
    %concat/vec4; draw_string_vec4
    %pushi/vec4 1885299567, 0, 32; draw_string_vec4
    %concat/vec4; draw_string_vec4
    %pushi/vec4 1684352866, 0, 32; draw_string_vec4
    %concat/vec4; draw_string_vec4
    %pushi/vec4 1969843300, 0, 32; draw_string_vec4
    %concat/vec4; draw_string_vec4
    %pushi/vec4 795042163, 0, 32; draw_string_vec4
    %concat/vec4; draw_string_vec4
    %pushi/vec4 1700752751, 0, 32; draw_string_vec4
    %concat/vec4; draw_string_vec4
    %pushi/vec4 1684353119, 0, 32; draw_string_vec4
    %concat/vec4; draw_string_vec4
    %pushi/vec4 1936024932, 0, 32; draw_string_vec4
    %concat/vec4; draw_string_vec4
    %pushi/vec4 828336494, 0, 32; draw_string_vec4
    %concat/vec4; draw_string_vec4
    %pushi/vec4 778921325, 0, 32; draw_string_vec4
    %concat/vec4; draw_string_vec4
    %store/vec4 v0x5b71b3eb1c90_0, 0, 1024;
T_26.2 ;
    %vpi_func 3 129 "$value$plusargs" 32, "EXP_MEM=%s", v0x5b71b3eb16d0_0 {0 0 0};
    %nor/r;
    %flag_set/vec4 8;
    %jmp/0xz  T_26.4, 8;
    %pushi/vec4 0, 0, 32; draw_string_vec4
    %pushi/vec4 0, 0, 32; draw_string_vec4
    %concat/vec4; draw_string_vec4
    %pushi/vec4 0, 0, 32; draw_string_vec4
    %concat/vec4; draw_string_vec4
    %pushi/vec4 0, 0, 32; draw_string_vec4
    %concat/vec4; draw_string_vec4
    %pushi/vec4 0, 0, 32; draw_string_vec4
    %concat/vec4; draw_string_vec4
    %pushi/vec4 0, 0, 32; draw_string_vec4
    %concat/vec4; draw_string_vec4
    %pushi/vec4 0, 0, 32; draw_string_vec4
    %concat/vec4; draw_string_vec4
    %pushi/vec4 0, 0, 32; draw_string_vec4
    %concat/vec4; draw_string_vec4
    %pushi/vec4 0, 0, 32; draw_string_vec4
    %concat/vec4; draw_string_vec4
    %pushi/vec4 0, 0, 32; draw_string_vec4
    %concat/vec4; draw_string_vec4
    %pushi/vec4 0, 0, 32; draw_string_vec4
    %concat/vec4; draw_string_vec4
    %pushi/vec4 0, 0, 32; draw_string_vec4
    %concat/vec4; draw_string_vec4
    %pushi/vec4 0, 0, 32; draw_string_vec4
    %concat/vec4; draw_string_vec4
    %pushi/vec4 0, 0, 32; draw_string_vec4
    %concat/vec4; draw_string_vec4
    %pushi/vec4 0, 0, 32; draw_string_vec4
    %concat/vec4; draw_string_vec4
    %pushi/vec4 0, 0, 32; draw_string_vec4
    %concat/vec4; draw_string_vec4
    %pushi/vec4 0, 0, 32; draw_string_vec4
    %concat/vec4; draw_string_vec4
    %pushi/vec4 0, 0, 32; draw_string_vec4
    %concat/vec4; draw_string_vec4
    %pushi/vec4 0, 0, 32; draw_string_vec4
    %concat/vec4; draw_string_vec4
    %pushi/vec4 0, 0, 32; draw_string_vec4
    %concat/vec4; draw_string_vec4
    %pushi/vec4 0, 0, 32; draw_string_vec4
    %concat/vec4; draw_string_vec4
    %pushi/vec4 0, 0, 32; draw_string_vec4
    %concat/vec4; draw_string_vec4
    %pushi/vec4 29552, 0, 32; draw_string_vec4
    %concat/vec4; draw_string_vec4
    %pushi/vec4 1600352100, 0, 32; draw_string_vec4
    %concat/vec4; draw_string_vec4
    %pushi/vec4 1697604213, 0, 32; draw_string_vec4
    %concat/vec4; draw_string_vec4
    %pushi/vec4 1768711215, 0, 32; draw_string_vec4
    %concat/vec4; draw_string_vec4
    %pushi/vec4 1667330917, 0, 32; draw_string_vec4
    %concat/vec4; draw_string_vec4
    %pushi/vec4 1601007460, 0, 32; draw_string_vec4
    %concat/vec4; draw_string_vec4
    %pushi/vec4 1697668979, 0, 32; draw_string_vec4
    %concat/vec4; draw_string_vec4
    %pushi/vec4 1701143601, 0, 32; draw_string_vec4
    %concat/vec4; draw_string_vec4
    %pushi/vec4 1600485488, 0, 32; draw_string_vec4
    %concat/vec4; draw_string_vec4
    %pushi/vec4 778921325, 0, 32; draw_string_vec4
    %concat/vec4; draw_string_vec4
    %store/vec4 v0x5b71b3eb16d0_0, 0, 1024;
T_26.4 ;
    %vpi_call/w 3 132 "$display", "[TB] MODE    = %0d", v0x5b71b3eb1e10_0 {0 0 0};
    %vpi_call/w 3 133 "$display", "[TB] IN_MEM  = %0s", v0x5b71b3eb1c90_0 {0 0 0};
    %vpi_call/w 3 134 "$display", "[TB] EXP_MEM = %0s", v0x5b71b3eb16d0_0 {0 0 0};
    %vpi_call/w 3 136 "$readmemh", v0x5b71b3eb1c90_0, v0x5b71b3eb2260 {0 0 0};
    %vpi_call/w 3 137 "$readmemh", v0x5b71b3eb16d0_0, v0x5b71b3eb21a0 {0 0 0};
    %fork TD_tb_ntt_core_top_auto.do_reset, S_0x5b71b3e609d0;
    %join;
    %fork TD_tb_ntt_core_top_auto.load_input_mem, S_0x5b71b3eb0e40;
    %join;
    %fork TD_tb_ntt_core_top_auto.start_core, S_0x5b71b3eb1020;
    %join;
    %fork TD_tb_ntt_core_top_auto.wait_done_or_timeout, S_0x5b71b3eb1250;
    %join;
    %fork TD_tb_ntt_core_top_auto.check_result, S_0x5b71b3e604d0;
    %join;
    %vpi_call/w 3 145 "$finish" {0 0 0};
    %end;
    .thread T_26;
# The file index is used to find the file name in the following table.
:file_names 13;
    "N/A";
    "<interactive>";
    "-";
    "/home/hiimfelix/code/12bit-ntt-mlkem/Implementation/sp_code/generated_tb/tb_ntt_core_top_auto.v";
    "rtl/modules/ntt_core_top.v";
    "rtl/modules/ntt_agu.v";
    "rtl/modules/ntt_butterfly.v";
    "rtl/modules/ntt_mod_addsub_12b.v";
    "rtl/modules/ntt_mod_mul_12b.v";
    "rtl/modules/ntt_controller.v";
    "rtl/modules/poly_ram_dual.v";
    "rtl/modules/ntt_twiddle_rom.v";
    "rtl/utils/../utils/ntt_funcs.vh";
